[0.005s] Invoking command in '/home/fourfold/dev/inmind sessions/inmind-session-9/session-9-assignment-firas/build/turtlebot_nav': CMAKE_PREFIX_PATH=/home/fourfold/dev/inmind sessions/inmind-session-9/session-9-assignment-firas/install/custom_interfaces:/home/fourfold/dev/inmind sessions/inmind-session-9/session-9-assignment-firas/install/turtlebot_nav:/opt/ros/humble /usr/bin/cmake --build /home/fourfold/dev/inmind sessions/inmind-session-9/session-9-assignment-firas/build/turtlebot_nav -- -j16 -l16
[0.031s] [35m[1mConsolidate compiler generated dependencies of target measure_lap_time_server[0m
[0.038s] [ 33%] Built target find_closest_wall_server
[0.038s] [ 66%] Built target navigator_node
[0.041s] [ 83%] [32mBuilding CXX object CMakeFiles/measure_lap_time_server.dir/src/lap_time_server.cpp.o[0m
[1.307s] In file included from [01m[K/home/fourfold/dev/inmind sessions/inmind-session-9/session-9-assignment-firas/src/turtlebot_nav/src/lap_time_server.cpp:1[m[K:
[1.307s] [01m[K/home/fourfold/dev/inmind sessions/inmind-session-9/session-9-assignment-firas/src/turtlebot_nav/src/lap_time_server.h:18:13:[m[K [01;31m[Kerror: [m[K‘[01m[Kaction[m[K’ in namespace ‘[01m[Krclcpp[m[K’ does not name a type
[1.307s]    18 |     rclcpp::[01;31m[Kaction[m[K::GoalResponse handle_goal(const rclcpp_action::GoalUUID & uuid, std::shared_ptr<const custom_interfaces::action::MeasureLapTime::Goal> goal);
[1.307s]       |             [01;31m[K^~~~~~[m[K
[1.307s] In file included from [01m[K/home/fourfold/dev/inmind sessions/inmind-session-9/session-9-assignment-firas/src/turtlebot_nav/src/lap_time_server.cpp:1[m[K:
[1.307s] [01m[K/home/fourfold/dev/inmind sessions/inmind-session-9/session-9-assignment-firas/src/turtlebot_nav/src/lap_time_server.h:19:13:[m[K [01;31m[Kerror: [m[K‘[01m[Kaction[m[K’ in namespace ‘[01m[Krclcpp[m[K’ does not name a type
[1.307s]    19 |     rclcpp::[01;31m[Kaction[m[K::CancelResponse handle_cancel(const std::shared_ptr<GoalHandleMeasureLapTime> goal_handle);
[1.308s]       |             [01;31m[K^~~~~~[m[K
[1.315s] [01m[K/home/fourfold/dev/inmind sessions/inmind-session-9/session-9-assignment-firas/src/turtlebot_nav/src/lap_time_server.h:20:48:[m[K [01;31m[Kerror: [m[K‘[01m[KGoalHandleMeasureLapTime[m[K’ was not declared in this scope
[1.315s]    20 |     void handle_accepted(const std::shared_ptr<[01;31m[KGoalHandleMeasureLapTime[m[K> goal_handle);
[1.315s]       |                                                [01;31m[K^~~~~~~~~~~~~~~~~~~~~~~~[m[K
[1.315s] [01m[K/home/fourfold/dev/inmind sessions/inmind-session-9/session-9-assignment-firas/src/turtlebot_nav/src/lap_time_server.h:20:72:[m[K [01;31m[Kerror: [m[Ktemplate argument 1 is invalid
[1.315s]    20 |     void handle_accepted(const std::shared_ptr<GoalHandleMeasureLapTime[01;31m[K>[m[K goal_handle);
[1.315s]       |                                                                        [01;31m[K^[m[K
[1.323s] [01m[K/home/fourfold/dev/inmind sessions/inmind-session-9/session-9-assignment-firas/src/turtlebot_nav/src/lap_time_server.h:21:40:[m[K [01;31m[Kerror: [m[K‘[01m[KGoalHandleMeasureLapTime[m[K’ was not declared in this scope
[1.323s]    21 |     void execute(const std::shared_ptr<[01;31m[KGoalHandleMeasureLapTime[m[K> goal_handle);
[1.323s]       |                                        [01;31m[K^~~~~~~~~~~~~~~~~~~~~~~~[m[K
[1.323s] [01m[K/home/fourfold/dev/inmind sessions/inmind-session-9/session-9-assignment-firas/src/turtlebot_nav/src/lap_time_server.h:21:64:[m[K [01;31m[Kerror: [m[Ktemplate argument 1 is invalid
[1.323s]    21 |     void execute(const std::shared_ptr<GoalHandleMeasureLapTime[01;31m[K>[m[K goal_handle);
[1.323s]       |                                                                [01;31m[K^[m[K
[1.343s] [01m[K/home/fourfold/dev/inmind sessions/inmind-session-9/session-9-assignment-firas/src/turtlebot_nav/src/lap_time_server.cpp:[m[K In constructor ‘[01m[KLapTimeServer::LapTimeServer()[m[K’:
[1.344s] [01m[K/home/fourfold/dev/inmind sessions/inmind-session-9/session-9-assignment-firas/src/turtlebot_nav/src/lap_time_server.cpp:7:75:[m[K [01;31m[Kerror: [m[K‘[01m[Ksrv[m[K’ is not a member of ‘[01m[Kcustom_interfaces[m[K’
[1.344s]     7 |     this->action_server = rclcpp_action::create_server<custom_interfaces::[01;31m[Ksrv[m[K::MeasureLapTime>(
[1.344s]       |                                                                           [01;31m[K^~~[m[K
[1.344s] [01m[K/home/fourfold/dev/inmind sessions/inmind-session-9/session-9-assignment-firas/src/turtlebot_nav/src/lap_time_server.cpp:7:75:[m[K [01;36m[Knote: [m[Ksuggested alternatives:
[1.344s] In file included from [01m[K/opt/ros/humble/include/rcl_interfaces/rcl_interfaces/srv/describe_parameters.hpp:7[m[K,
[1.344s]                  from [01m[K/opt/ros/humble/include/rclcpp/rclcpp/parameter_client.hpp:28[m[K,
[1.344s]                  from [01m[K/opt/ros/humble/include/rclcpp/rclcpp/rclcpp.hpp:159[m[K,
[1.344s]                  from [01m[K/home/fourfold/dev/inmind sessions/inmind-session-9/session-9-assignment-firas/src/turtlebot_nav/src/lap_time_server.h:6[m[K,
[1.344s]                  from [01m[K/home/fourfold/dev/inmind sessions/inmind-session-9/session-9-assignment-firas/src/turtlebot_nav/src/lap_time_server.cpp:1[m[K:
[1.344s] [01m[K/opt/ros/humble/include/rcl_interfaces/rcl_interfaces/srv/detail/describe_parameters__struct.hpp:27:11:[m[K [01;36m[Knote: [m[K  ‘[01m[Krcl_interfaces::srv[m[K’
[1.344s]    27 | namespace [01;36m[Ksrv[m[K
[1.345s]       |           [01;36m[K^~~[m[K
[1.345s] In file included from [01m[K/opt/ros/humble/include/action_msgs/action_msgs/srv/cancel_goal.hpp:7[m[K,
[1.345s]                  from [01m[K/home/fourfold/dev/inmind sessions/inmind-session-9/session-9-assignment-firas/install/custom_interfaces/include/custom_interfaces/custom_interfaces/action/detail/measure_lap_time__struct.hpp:1015[m[K,
[1.345s]                  from [01m[K/home/fourfold/dev/inmind sessions/inmind-session-9/session-9-assignment-firas/install/custom_interfaces/include/custom_interfaces/custom_interfaces/action/measure_lap_time.hpp:7[m[K,
[1.345s]                  from [01m[K/home/fourfold/dev/inmind sessions/inmind-session-9/session-9-assignment-firas/src/turtlebot_nav/src/lap_time_server.h:9[m[K,
[1.345s]                  from [01m[K/home/fourfold/dev/inmind sessions/inmind-session-9/session-9-assignment-firas/src/turtlebot_nav/src/lap_time_server.cpp:1[m[K:
[1.345s] [01m[K/opt/ros/humble/include/action_msgs/action_msgs/srv/detail/cancel_goal__struct.hpp:31:11:[m[K [01;36m[Knote: [m[K  ‘[01m[Kaction_msgs::srv[m[K’
[1.345s]    31 | namespace [01;36m[Ksrv[m[K
[1.345s]       |           [01;36m[K^~~[m[K
[1.345s] [01m[K/home/fourfold/dev/inmind sessions/inmind-session-9/session-9-assignment-firas/src/turtlebot_nav/src/lap_time_server.cpp:7:42:[m[K [01;31m[Kerror: [m[Kparse error in template argument list
[1.345s]     7 |     this->action_server = rclcpp_action::[01;31m[Kcreate_server<custom_interfaces::srv::MeasureLapTime>[m[K(
[1.345s]       |                                          [01;31m[K^~~~~~~~~~~~~~~~~~~~~~~~~~~~~~~~~~~~~~~~~~~~~~~~~~~~~[m[K
[1.345s] [01m[K/home/fourfold/dev/inmind sessions/inmind-session-9/session-9-assignment-firas/src/turtlebot_nav/src/lap_time_server.cpp:10:35:[m[K [01;31m[Kerror: [m[K‘[01m[Khandle_goal[m[K’ is not a member of ‘[01m[KLapTimeServer[m[K’
[1.346s]    10 |         std::bind(&LapTimeServer::[01;31m[Khandle_goal[m[K, this, _1, _2),
[1.346s]       |                                   [01;31m[K^~~~~~~~~~~[m[K
[1.346s] [01m[K/home/fourfold/dev/inmind sessions/inmind-session-9/session-9-assignment-firas/src/turtlebot_nav/src/lap_time_server.cpp:11:35:[m[K [01;31m[Kerror: [m[K‘[01m[Khandle_cancel[m[K’ is not a member of ‘[01m[KLapTimeServer[m[K’
[1.346s]    11 |         std::bind(&LapTimeServer::[01;31m[Khandle_cancel[m[K, this, _1),
[1.346s]       |                                   [01;31m[K^~~~~~~~~~~~~[m[K
[1.349s] [01m[K/home/fourfold/dev/inmind sessions/inmind-session-9/session-9-assignment-firas/src/turtlebot_nav/src/lap_time_server.cpp:19:20:[m[K [01;31m[Kerror: [m[K‘[01m[KClosestWallServer[m[K’ has not been declared
[1.349s]    19 |         std::bind(&[01;31m[KClosestWallServer[m[K::odometry_callback, this, _1)
[1.349s]       |                    [01;31m[K^~~~~~~~~~~~~~~~~[m[K
[1.350s] [01m[K/home/fourfold/dev/inmind sessions/inmind-session-9/session-9-assignment-firas/src/turtlebot_nav/src/lap_time_server.cpp:23:5:[m[K [01;31m[Kerror: [m[K‘[01m[Kthis_thread[m[K’ has not been declared
[1.350s]    23 |     [01;31m[Kthis_thread[m[K::sleep_for(chrono::seconds(30));
[1.350s]       |     [01;31m[K^~~~~~~~~~~[m[K
[1.350s] [01m[K/home/fourfold/dev/inmind sessions/inmind-session-9/session-9-assignment-firas/src/turtlebot_nav/src/lap_time_server.cpp:23:28:[m[K [01;31m[Kerror: [m[K‘[01m[Kchrono[m[K’ has not been declared
[1.350s]    23 |     this_thread::sleep_for([01;31m[Kchrono[m[K::seconds(30));
[1.350s]       |                            [01;31m[K^~~~~~[m[K
[1.594s] gmake[2]: *** [CMakeFiles/measure_lap_time_server.dir/build.make:76: CMakeFiles/measure_lap_time_server.dir/src/lap_time_server.cpp.o] Error 1
[1.594s] gmake[1]: *** [CMakeFiles/Makefile2:193: CMakeFiles/measure_lap_time_server.dir/all] Error 2
[1.595s] gmake: *** [Makefile:146: all] Error 2
[1.596s] Invoked command in '/home/fourfold/dev/inmind sessions/inmind-session-9/session-9-assignment-firas/build/turtlebot_nav' returned '2': CMAKE_PREFIX_PATH=/home/fourfold/dev/inmind sessions/inmind-session-9/session-9-assignment-firas/install/custom_interfaces:/home/fourfold/dev/inmind sessions/inmind-session-9/session-9-assignment-firas/install/turtlebot_nav:/opt/ros/humble /usr/bin/cmake --build /home/fourfold/dev/inmind sessions/inmind-session-9/session-9-assignment-firas/build/turtlebot_nav -- -j16 -l16
