[0.006s] Invoking command in '/home/fourfold/dev/inmind sessions/inmind-session-9/session-9-assignment-firas/build/turtlebot_nav': CMAKE_PREFIX_PATH=/home/fourfold/dev/inmind sessions/inmind-session-9/session-9-assignment-firas/install/custom_interfaces:/home/fourfold/dev/inmind sessions/inmind-session-9/session-9-assignment-firas/install/turtlebot_nav:/opt/ros/humble /usr/bin/cmake --build /home/fourfold/dev/inmind sessions/inmind-session-9/session-9-assignment-firas/build/turtlebot_nav -- -j16 -l16
[0.032s] [35m[1mConsolidate compiler generated dependencies of target measure_lap_time_client[0m
[0.039s] [ 37%] [32mBuilding CXX object CMakeFiles/measure_lap_time_server.dir/src/lap_time_server.cpp.o[0m
[0.039s] [ 62%] Built target navigator_node
[0.039s] [ 62%] Built target find_closest_wall_server
[0.042s] [ 75%] [32mBuilding CXX object CMakeFiles/measure_lap_time_client.dir/src/lap_time_client.cpp.o[0m
[2.385s] [ 87%] [32m[1mLinking CXX executable measure_lap_time_client[0m
[2.487s] [ 87%] Built target measure_lap_time_client
[5.345s] [100%] [32m[1mLinking CXX executable measure_lap_time_server[0m
[5.616s] [100%] Built target measure_lap_time_server
[5.623s] Invoked command in '/home/fourfold/dev/inmind sessions/inmind-session-9/session-9-assignment-firas/build/turtlebot_nav' returned '0': CMAKE_PREFIX_PATH=/home/fourfold/dev/inmind sessions/inmind-session-9/session-9-assignment-firas/install/custom_interfaces:/home/fourfold/dev/inmind sessions/inmind-session-9/session-9-assignment-firas/install/turtlebot_nav:/opt/ros/humble /usr/bin/cmake --build /home/fourfold/dev/inmind sessions/inmind-session-9/session-9-assignment-firas/build/turtlebot_nav -- -j16 -l16
[5.643s] Invoking command in '/home/fourfold/dev/inmind sessions/inmind-session-9/session-9-assignment-firas/build/turtlebot_nav': CMAKE_PREFIX_PATH=/home/fourfold/dev/inmind sessions/inmind-session-9/session-9-assignment-firas/install/custom_interfaces:/home/fourfold/dev/inmind sessions/inmind-session-9/session-9-assignment-firas/install/turtlebot_nav:/opt/ros/humble /usr/bin/cmake --install /home/fourfold/dev/inmind sessions/inmind-session-9/session-9-assignment-firas/build/turtlebot_nav
[5.647s] -- Install configuration: ""
[5.647s] -- Up-to-date: /home/fourfold/dev/inmind sessions/inmind-session-9/session-9-assignment-firas/install/turtlebot_nav/lib/turtlebot_nav/navigator_node
[5.647s] -- Up-to-date: /home/fourfold/dev/inmind sessions/inmind-session-9/session-9-assignment-firas/install/turtlebot_nav/lib/turtlebot_nav/find_closest_wall_server
[5.647s] -- Installing: /home/fourfold/dev/inmind sessions/inmind-session-9/session-9-assignment-firas/install/turtlebot_nav/lib/turtlebot_nav/measure_lap_time_server
[5.651s] -- Set runtime path of "/home/fourfold/dev/inmind sessions/inmind-session-9/session-9-assignment-firas/install/turtlebot_nav/lib/turtlebot_nav/measure_lap_time_server" to ""
[5.651s] -- Installing: /home/fourfold/dev/inmind sessions/inmind-session-9/session-9-assignment-firas/install/turtlebot_nav/lib/turtlebot_nav/measure_lap_time_client
[5.651s] -- Set runtime path of "/home/fourfold/dev/inmind sessions/inmind-session-9/session-9-assignment-firas/install/turtlebot_nav/lib/turtlebot_nav/measure_lap_time_client" to ""
[5.651s] -- Up-to-date: /home/fourfold/dev/inmind sessions/inmind-session-9/session-9-assignment-firas/install/turtlebot_nav/share/ament_index/resource_index/package_run_dependencies/turtlebot_nav
[5.651s] -- Up-to-date: /home/fourfold/dev/inmind sessions/inmind-session-9/session-9-assignment-firas/install/turtlebot_nav/share/ament_index/resource_index/parent_prefix_path/turtlebot_nav
[5.651s] -- Up-to-date: /home/fourfold/dev/inmind sessions/inmind-session-9/session-9-assignment-firas/install/turtlebot_nav/share/turtlebot_nav/environment/ament_prefix_path.sh
[5.651s] -- Up-to-date: /home/fourfold/dev/inmind sessions/inmind-session-9/session-9-assignment-firas/install/turtlebot_nav/share/turtlebot_nav/environment/ament_prefix_path.dsv
[5.652s] -- Up-to-date: /home/fourfold/dev/inmind sessions/inmind-session-9/session-9-assignment-firas/install/turtlebot_nav/share/turtlebot_nav/environment/path.sh
[5.652s] -- Up-to-date: /home/fourfold/dev/inmind sessions/inmind-session-9/session-9-assignment-firas/install/turtlebot_nav/share/turtlebot_nav/environment/path.dsv
[5.652s] -- Up-to-date: /home/fourfold/dev/inmind sessions/inmind-session-9/session-9-assignment-firas/install/turtlebot_nav/share/turtlebot_nav/local_setup.bash
[5.652s] -- Up-to-date: /home/fourfold/dev/inmind sessions/inmind-session-9/session-9-assignment-firas/install/turtlebot_nav/share/turtlebot_nav/local_setup.sh
[5.652s] -- Up-to-date: /home/fourfold/dev/inmind sessions/inmind-session-9/session-9-assignment-firas/install/turtlebot_nav/share/turtlebot_nav/local_setup.zsh
[5.652s] -- Up-to-date: /home/fourfold/dev/inmind sessions/inmind-session-9/session-9-assignment-firas/install/turtlebot_nav/share/turtlebot_nav/local_setup.dsv
[5.652s] -- Installing: /home/fourfold/dev/inmind sessions/inmind-session-9/session-9-assignment-firas/install/turtlebot_nav/share/turtlebot_nav/package.dsv
[5.652s] -- Up-to-date: /home/fourfold/dev/inmind sessions/inmind-session-9/session-9-assignment-firas/install/turtlebot_nav/share/ament_index/resource_index/packages/turtlebot_nav
[5.652s] -- Up-to-date: /home/fourfold/dev/inmind sessions/inmind-session-9/session-9-assignment-firas/install/turtlebot_nav/share/turtlebot_nav/cmake/turtlebot_navConfig.cmake
[5.652s] -- Up-to-date: /home/fourfold/dev/inmind sessions/inmind-session-9/session-9-assignment-firas/install/turtlebot_nav/share/turtlebot_nav/cmake/turtlebot_navConfig-version.cmake
[5.652s] -- Up-to-date: /home/fourfold/dev/inmind sessions/inmind-session-9/session-9-assignment-firas/install/turtlebot_nav/share/turtlebot_nav/package.xml
[5.653s] Invoked command in '/home/fourfold/dev/inmind sessions/inmind-session-9/session-9-assignment-firas/build/turtlebot_nav' returned '0': CMAKE_PREFIX_PATH=/home/fourfold/dev/inmind sessions/inmind-session-9/session-9-assignment-firas/install/custom_interfaces:/home/fourfold/dev/inmind sessions/inmind-session-9/session-9-assignment-firas/install/turtlebot_nav:/opt/ros/humble /usr/bin/cmake --install /home/fourfold/dev/inmind sessions/inmind-session-9/session-9-assignment-firas/build/turtlebot_nav
