[35m[1mConsolidate compiler generated dependencies of target find_closest_wall_server[0m
[ 50%] Built target navigator_node
[ 75%] [32mBuilding CXX object CMakeFiles/find_closest_wall_server.dir/src/closest_wall_server.cpp.o[0m
[01m[K/home/fourfold/dev/inmind sessions/inmind-session-9/session-9-assignment-firas/src/turtlebot_nav/src/closest_wall_server.cpp:[m[K In member function ‘[01m[Kvoid ClosestWallServer::find_closest_wall_callback(std::shared_ptr<custom_interfaces::srv::FindClosestWall_Request_<std::allocator<void> > >, std::shared_ptr<custom_interfaces::srv::FindClosestWall_Response_<std::allocator<void> > >)[m[K’:
[01m[K/home/fourfold/dev/inmind sessions/inmind-session-9/session-9-assignment-firas/src/turtlebot_nav/src/closest_wall_server.cpp:23:124:[m[K [01;35m[Kwarning: [m[Kunused parameter ‘[01m[Krequest[m[K’ [[01;35m[K]8;;https://gcc.gnu.org/onlinedocs/gcc/Warning-Options.html#index-Wunused-parameter-Wunused-parameter]8;;[m[K]
   23 | void ClosestWallServer::find_closest_wall_callback([01;35m[Kconst std::shared_ptr<custom_interfaces::srv::FindClosestWall::Request> request[m[K,
      |                                                    [01;35m[K~~~~~~~~~~~~~~~~~~~~~~~~~~~~~~~~~~~~~~~~~~~~~~~~~~~~~~~~~~~~~~~~~~~~~~~~^~~~~~~[m[K
[01m[K/home/fourfold/dev/inmind sessions/inmind-session-9/session-9-assignment-firas/src/turtlebot_nav/src/closest_wall_server.cpp:[m[K In member function ‘[01m[Kbool ClosestWallServer::getRotationDirection()[m[K’:
[01m[K/home/fourfold/dev/inmind sessions/inmind-session-9/session-9-assignment-firas/src/turtlebot_nav/src/closest_wall_server.cpp:59:39:[m[K [01;31m[Kerror: [m[Krequest for member ‘[01m[Kat[m[K’ in ‘[01m[K((ClosestWallServer*)this)->ClosestWallServer::scan_data[m[K’, which is of pointer type ‘[01m[Kconst std::vector<float>*[m[K’ (maybe you meant to use ‘[01m[K->[m[K’ ?)
   59 |     float closestDistance = scan_data.[01;31m[Kat[m[K(360-4) + scan_data.at(360-3) + scan_data.at(360-2) + scan_data.at(360-1) + scan_data.at(0) + scan_data.at(1) + scan_data.at(2) + scan_data.at(3) + scan_data.at(4);
      |                                       [01;31m[K^~[m[K
[01m[K/home/fourfold/dev/inmind sessions/inmind-session-9/session-9-assignment-firas/src/turtlebot_nav/src/closest_wall_server.cpp:59:61:[m[K [01;31m[Kerror: [m[Krequest for member ‘[01m[Kat[m[K’ in ‘[01m[K((ClosestWallServer*)this)->ClosestWallServer::scan_data[m[K’, which is of pointer type ‘[01m[Kconst std::vector<float>*[m[K’ (maybe you meant to use ‘[01m[K->[m[K’ ?)
   59 |     float closestDistance = scan_data.at(360-4) + scan_data.[01;31m[Kat[m[K(360-3) + scan_data.at(360-2) + scan_data.at(360-1) + scan_data.at(0) + scan_data.at(1) + scan_data.at(2) + scan_data.at(3) + scan_data.at(4);
      |                                                             [01;31m[K^~[m[K
[01m[K/home/fourfold/dev/inmind sessions/inmind-session-9/session-9-assignment-firas/src/turtlebot_nav/src/closest_wall_server.cpp:59:83:[m[K [01;31m[Kerror: [m[Krequest for member ‘[01m[Kat[m[K’ in ‘[01m[K((ClosestWallServer*)this)->ClosestWallServer::scan_data[m[K’, which is of pointer type ‘[01m[Kconst std::vector<float>*[m[K’ (maybe you meant to use ‘[01m[K->[m[K’ ?)
   59 |     float closestDistance = scan_data.at(360-4) + scan_data.at(360-3) + scan_data.[01;31m[Kat[m[K(360-2) + scan_data.at(360-1) + scan_data.at(0) + scan_data.at(1) + scan_data.at(2) + scan_data.at(3) + scan_data.at(4);
      |                                                                                   [01;31m[K^~[m[K
[01m[K/home/fourfold/dev/inmind sessions/inmind-session-9/session-9-assignment-firas/src/turtlebot_nav/src/closest_wall_server.cpp:59:105:[m[K [01;31m[Kerror: [m[Krequest for member ‘[01m[Kat[m[K’ in ‘[01m[K((ClosestWallServer*)this)->ClosestWallServer::scan_data[m[K’, which is of pointer type ‘[01m[Kconst std::vector<float>*[m[K’ (maybe you meant to use ‘[01m[K->[m[K’ ?)
   59 |     float closestDistance = scan_data.at(360-4) + scan_data.at(360-3) + scan_data.at(360-2) + scan_data.[01;31m[Kat[m[K(360-1) + scan_data.at(0) + scan_data.at(1) + scan_data.at(2) + scan_data.at(3) + scan_data.at(4);
      |                                                                                                         [01;31m[K^~[m[K
[01m[K/home/fourfold/dev/inmind sessions/inmind-session-9/session-9-assignment-firas/src/turtlebot_nav/src/closest_wall_server.cpp:59:127:[m[K [01;31m[Kerror: [m[Krequest for member ‘[01m[Kat[m[K’ in ‘[01m[K((ClosestWallServer*)this)->ClosestWallServer::scan_data[m[K’, which is of pointer type ‘[01m[Kconst std::vector<float>*[m[K’ (maybe you meant to use ‘[01m[K->[m[K’ ?)
   59 |     float closestDistance = scan_data.at(360-4) + scan_data.at(360-3) + scan_data.at(360-2) + scan_data.at(360-1) + scan_data.[01;31m[Kat[m[K(0) + scan_data.at(1) + scan_data.at(2) + scan_data.at(3) + scan_data.at(4);
      |                                                                                                                               [01;31m[K^~[m[K
[01m[K/home/fourfold/dev/inmind sessions/inmind-session-9/session-9-assignment-firas/src/turtlebot_nav/src/closest_wall_server.cpp:59:145:[m[K [01;31m[Kerror: [m[Krequest for member ‘[01m[Kat[m[K’ in ‘[01m[K((ClosestWallServer*)this)->ClosestWallServer::scan_data[m[K’, which is of pointer type ‘[01m[Kconst std::vector<float>*[m[K’ (maybe you meant to use ‘[01m[K->[m[K’ ?)
   59 |     float closestDistance = scan_data.at(360-4) + scan_data.at(360-3) + scan_data.at(360-2) + scan_data.at(360-1) + scan_data.at(0) + scan_data.[01;31m[Kat[m[K(1) + scan_data.at(2) + scan_data.at(3) + scan_data.at(4);
      |                                                                                                                                                 [01;31m[K^~[m[K
[01m[K/home/fourfold/dev/inmind sessions/inmind-session-9/session-9-assignment-firas/src/turtlebot_nav/src/closest_wall_server.cpp:59:163:[m[K [01;31m[Kerror: [m[Krequest for member ‘[01m[Kat[m[K’ in ‘[01m[K((ClosestWallServer*)this)->ClosestWallServer::scan_data[m[K’, which is of pointer type ‘[01m[Kconst std::vector<float>*[m[K’ (maybe you meant to use ‘[01m[K->[m[K’ ?)
   59 |     float closestDistance = scan_data.at(360-4) + scan_data.at(360-3) + scan_data.at(360-2) + scan_data.at(360-1) + scan_data.at(0) + scan_data.at(1) + scan_data.[01;31m[Kat[m[K(2) + scan_data.at(3) + scan_data.at(4);
      |                                                                                                                                                                   [01;31m[K^~[m[K
[01m[K/home/fourfold/dev/inmind sessions/inmind-session-9/session-9-assignment-firas/src/turtlebot_nav/src/closest_wall_server.cpp:59:181:[m[K [01;31m[Kerror: [m[Krequest for member ‘[01m[Kat[m[K’ in ‘[01m[K((ClosestWallServer*)this)->ClosestWallServer::scan_data[m[K’, which is of pointer type ‘[01m[Kconst std::vector<float>*[m[K’ (maybe you meant to use ‘[01m[K->[m[K’ ?)
   59 |     float closestDistance = scan_data.at(360-4) + scan_data.at(360-3) + scan_data.at(360-2) + scan_data.at(360-1) + scan_data.at(0) + scan_data.at(1) + scan_data.at(2) + scan_data.[01;31m[Kat[m[K(3) + scan_data.at(4);
      |                                                                                                                                                                                     [01;31m[K^~[m[K
[01m[K/home/fourfold/dev/inmind sessions/inmind-session-9/session-9-assignment-firas/src/turtlebot_nav/src/closest_wall_server.cpp:59:199:[m[K [01;31m[Kerror: [m[Krequest for member ‘[01m[Kat[m[K’ in ‘[01m[K((ClosestWallServer*)this)->ClosestWallServer::scan_data[m[K’, which is of pointer type ‘[01m[Kconst std::vector<float>*[m[K’ (maybe you meant to use ‘[01m[K->[m[K’ ?)
   59 |     float closestDistance = scan_data.at(360-4) + scan_data.at(360-3) + scan_data.at(360-2) + scan_data.at(360-1) + scan_data.at(0) + scan_data.at(1) + scan_data.at(2) + scan_data.at(3) + scan_data.[01;31m[Kat[m[K(4);
      |                                                                                                                                                                                                       [01;31m[K^~[m[K
[01m[K/home/fourfold/dev/inmind sessions/inmind-session-9/session-9-assignment-firas/src/turtlebot_nav/src/closest_wall_server.cpp:63:30:[m[K [01;31m[Kerror: [m[Krequest for member ‘[01m[Kat[m[K’ in ‘[01m[K((ClosestWallServer*)this)->ClosestWallServer::scan_data[m[K’, which is of pointer type ‘[01m[Kconst std::vector<float>*[m[K’ (maybe you meant to use ‘[01m[K->[m[K’ ?)
   63 |             sum += scan_data.[01;31m[Kat[m[K(j);
      |                              [01;31m[K^~[m[K
[01m[K/home/fourfold/dev/inmind sessions/inmind-session-9/session-9-assignment-firas/src/turtlebot_nav/src/closest_wall_server.cpp:[m[K In member function ‘[01m[Kbool ClosestWallServer::isCorrectDirection()[m[K’:
[01m[K/home/fourfold/dev/inmind sessions/inmind-session-9/session-9-assignment-firas/src/turtlebot_nav/src/closest_wall_server.cpp:78:39:[m[K [01;31m[Kerror: [m[Krequest for member ‘[01m[Kat[m[K’ in ‘[01m[K((ClosestWallServer*)this)->ClosestWallServer::scan_data[m[K’, which is of pointer type ‘[01m[Kconst std::vector<float>*[m[K’ (maybe you meant to use ‘[01m[K->[m[K’ ?)
   78 |     float forwardDistance = scan_data.[01;31m[Kat[m[K(360-4) + scan_data.at(360-3) + scan_data.at(360-2) + scan_data.at(360-1) + scan_data.at(0) + scan_data.at(1) + scan_data.at(2) + scan_data.at(3) + scan_data.at(4);
      |                                       [01;31m[K^~[m[K
[01m[K/home/fourfold/dev/inmind sessions/inmind-session-9/session-9-assignment-firas/src/turtlebot_nav/src/closest_wall_server.cpp:78:61:[m[K [01;31m[Kerror: [m[Krequest for member ‘[01m[Kat[m[K’ in ‘[01m[K((ClosestWallServer*)this)->ClosestWallServer::scan_data[m[K’, which is of pointer type ‘[01m[Kconst std::vector<float>*[m[K’ (maybe you meant to use ‘[01m[K->[m[K’ ?)
   78 |     float forwardDistance = scan_data.at(360-4) + scan_data.[01;31m[Kat[m[K(360-3) + scan_data.at(360-2) + scan_data.at(360-1) + scan_data.at(0) + scan_data.at(1) + scan_data.at(2) + scan_data.at(3) + scan_data.at(4);
      |                                                             [01;31m[K^~[m[K
[01m[K/home/fourfold/dev/inmind sessions/inmind-session-9/session-9-assignment-firas/src/turtlebot_nav/src/closest_wall_server.cpp:78:83:[m[K [01;31m[Kerror: [m[Krequest for member ‘[01m[Kat[m[K’ in ‘[01m[K((ClosestWallServer*)this)->ClosestWallServer::scan_data[m[K’, which is of pointer type ‘[01m[Kconst std::vector<float>*[m[K’ (maybe you meant to use ‘[01m[K->[m[K’ ?)
   78 |     float forwardDistance = scan_data.at(360-4) + scan_data.at(360-3) + scan_data.[01;31m[Kat[m[K(360-2) + scan_data.at(360-1) + scan_data.at(0) + scan_data.at(1) + scan_data.at(2) + scan_data.at(3) + scan_data.at(4);
      |                                                                                   [01;31m[K^~[m[K
[01m[K/home/fourfold/dev/inmind sessions/inmind-session-9/session-9-assignment-firas/src/turtlebot_nav/src/closest_wall_server.cpp:78:105:[m[K [01;31m[Kerror: [m[Krequest for member ‘[01m[Kat[m[K’ in ‘[01m[K((ClosestWallServer*)this)->ClosestWallServer::scan_data[m[K’, which is of pointer type ‘[01m[Kconst std::vector<float>*[m[K’ (maybe you meant to use ‘[01m[K->[m[K’ ?)
   78 |     float forwardDistance = scan_data.at(360-4) + scan_data.at(360-3) + scan_data.at(360-2) + scan_data.[01;31m[Kat[m[K(360-1) + scan_data.at(0) + scan_data.at(1) + scan_data.at(2) + scan_data.at(3) + scan_data.at(4);
      |                                                                                                         [01;31m[K^~[m[K
[01m[K/home/fourfold/dev/inmind sessions/inmind-session-9/session-9-assignment-firas/src/turtlebot_nav/src/closest_wall_server.cpp:78:127:[m[K [01;31m[Kerror: [m[Krequest for member ‘[01m[Kat[m[K’ in ‘[01m[K((ClosestWallServer*)this)->ClosestWallServer::scan_data[m[K’, which is of pointer type ‘[01m[Kconst std::vector<float>*[m[K’ (maybe you meant to use ‘[01m[K->[m[K’ ?)
   78 |     float forwardDistance = scan_data.at(360-4) + scan_data.at(360-3) + scan_data.at(360-2) + scan_data.at(360-1) + scan_data.[01;31m[Kat[m[K(0) + scan_data.at(1) + scan_data.at(2) + scan_data.at(3) + scan_data.at(4);
      |                                                                                                                               [01;31m[K^~[m[K
[01m[K/home/fourfold/dev/inmind sessions/inmind-session-9/session-9-assignment-firas/src/turtlebot_nav/src/closest_wall_server.cpp:78:145:[m[K [01;31m[Kerror: [m[Krequest for member ‘[01m[Kat[m[K’ in ‘[01m[K((ClosestWallServer*)this)->ClosestWallServer::scan_data[m[K’, which is of pointer type ‘[01m[Kconst std::vector<float>*[m[K’ (maybe you meant to use ‘[01m[K->[m[K’ ?)
   78 |     float forwardDistance = scan_data.at(360-4) + scan_data.at(360-3) + scan_data.at(360-2) + scan_data.at(360-1) + scan_data.at(0) + scan_data.[01;31m[Kat[m[K(1) + scan_data.at(2) + scan_data.at(3) + scan_data.at(4);
      |                                                                                                                                                 [01;31m[K^~[m[K
[01m[K/home/fourfold/dev/inmind sessions/inmind-session-9/session-9-assignment-firas/src/turtlebot_nav/src/closest_wall_server.cpp:78:163:[m[K [01;31m[Kerror: [m[Krequest for member ‘[01m[Kat[m[K’ in ‘[01m[K((ClosestWallServer*)this)->ClosestWallServer::scan_data[m[K’, which is of pointer type ‘[01m[Kconst std::vector<float>*[m[K’ (maybe you meant to use ‘[01m[K->[m[K’ ?)
   78 |     float forwardDistance = scan_data.at(360-4) + scan_data.at(360-3) + scan_data.at(360-2) + scan_data.at(360-1) + scan_data.at(0) + scan_data.at(1) + scan_data.[01;31m[Kat[m[K(2) + scan_data.at(3) + scan_data.at(4);
      |                                                                                                                                                                   [01;31m[K^~[m[K
[01m[K/home/fourfold/dev/inmind sessions/inmind-session-9/session-9-assignment-firas/src/turtlebot_nav/src/closest_wall_server.cpp:78:181:[m[K [01;31m[Kerror: [m[Krequest for member ‘[01m[Kat[m[K’ in ‘[01m[K((ClosestWallServer*)this)->ClosestWallServer::scan_data[m[K’, which is of pointer type ‘[01m[Kconst std::vector<float>*[m[K’ (maybe you meant to use ‘[01m[K->[m[K’ ?)
   78 |     float forwardDistance = scan_data.at(360-4) + scan_data.at(360-3) + scan_data.at(360-2) + scan_data.at(360-1) + scan_data.at(0) + scan_data.at(1) + scan_data.at(2) + scan_data.[01;31m[Kat[m[K(3) + scan_data.at(4);
      |                                                                                                                                                                                     [01;31m[K^~[m[K
[01m[K/home/fourfold/dev/inmind sessions/inmind-session-9/session-9-assignment-firas/src/turtlebot_nav/src/closest_wall_server.cpp:78:199:[m[K [01;31m[Kerror: [m[Krequest for member ‘[01m[Kat[m[K’ in ‘[01m[K((ClosestWallServer*)this)->ClosestWallServer::scan_data[m[K’, which is of pointer type ‘[01m[Kconst std::vector<float>*[m[K’ (maybe you meant to use ‘[01m[K->[m[K’ ?)
   78 |     float forwardDistance = scan_data.at(360-4) + scan_data.at(360-3) + scan_data.at(360-2) + scan_data.at(360-1) + scan_data.at(0) + scan_data.at(1) + scan_data.at(2) + scan_data.at(3) + scan_data.[01;31m[Kat[m[K(4);
      |                                                                                                                                                                                                       [01;31m[K^~[m[K
[01m[K/home/fourfold/dev/inmind sessions/inmind-session-9/session-9-assignment-firas/src/turtlebot_nav/src/closest_wall_server.cpp:82:30:[m[K [01;31m[Kerror: [m[Krequest for member ‘[01m[Kat[m[K’ in ‘[01m[K((ClosestWallServer*)this)->ClosestWallServer::scan_data[m[K’, which is of pointer type ‘[01m[Kconst std::vector<float>*[m[K’ (maybe you meant to use ‘[01m[K->[m[K’ ?)
   82 |             sum += scan_data.[01;31m[Kat[m[K(j);
      |                              [01;31m[K^~[m[K
gmake[2]: *** [CMakeFiles/find_closest_wall_server.dir/build.make:76: CMakeFiles/find_closest_wall_server.dir/src/closest_wall_server.cpp.o] Error 1
gmake[1]: *** [CMakeFiles/Makefile2:165: CMakeFiles/find_closest_wall_server.dir/all] Error 2
gmake: *** [Makefile:146: all] Error 2
