[35m[1mConsolidate compiler generated dependencies of target measure_lap_time_server[0m
[ 50%] Built target navigator_node
[ 50%] Built target find_closest_wall_server
[ 75%] Built target measure_lap_time_client
[ 87%] [32mBuilding CXX object CMakeFiles/measure_lap_time_server.dir/src/lap_time_server.cpp.o[0m
[01m[K/home/fourfold/dev/inmind sessions/inmind-session-9/session-9-assignment-firas/src/turtlebot_nav/src/lap_time_server.cpp:[m[K In constructor ‘[01m[KLapTimeServer::LapTimeServer()[m[K’:
[01m[K/home/fourfold/dev/inmind sessions/inmind-session-9/session-9-assignment-firas/src/turtlebot_nav/src/lap_time_server.cpp:20:74:[m[K [01;31m[Kerror: [m[Kclass template argument deduction failed:
   20 |     auto subscription_options = rclcpp::SubscriptionOptionsWithAllocator([01;31m[K)[m[K;
      |                                                                          [01;31m[K^[m[K
[01m[K/home/fourfold/dev/inmind sessions/inmind-session-9/session-9-assignment-firas/src/turtlebot_nav/src/lap_time_server.cpp:20:74:[m[K [01;31m[Kerror: [m[Kno matching function for call to ‘[01m[KSubscriptionOptionsWithAllocator()[m[K’
In file included from [01m[K/opt/ros/humble/include/rclcpp/rclcpp/subscription.hpp:45[m[K,
                 from [01m[K/opt/ros/humble/include/rclcpp/rclcpp/any_executable.hpp:25[m[K,
                 from [01m[K/opt/ros/humble/include/rclcpp/rclcpp/memory_strategy.hpp:25[m[K,
                 from [01m[K/opt/ros/humble/include/rclcpp/rclcpp/memory_strategies.hpp:18[m[K,
                 from [01m[K/opt/ros/humble/include/rclcpp/rclcpp/executor_options.hpp:20[m[K,
                 from [01m[K/opt/ros/humble/include/rclcpp/rclcpp/executor.hpp:37[m[K,
                 from [01m[K/opt/ros/humble/include/rclcpp/rclcpp/executors/multi_threaded_executor.hpp:25[m[K,
                 from [01m[K/opt/ros/humble/include/rclcpp/rclcpp/executors.hpp:21[m[K,
                 from [01m[K/opt/ros/humble/include/rclcpp/rclcpp/rclcpp.hpp:155[m[K,
                 from [01m[K/home/fourfold/dev/inmind sessions/inmind-session-9/session-9-assignment-firas/src/turtlebot_nav/src/lap_time_server.h:7[m[K,
                 from [01m[K/home/fourfold/dev/inmind sessions/inmind-session-9/session-9-assignment-firas/src/turtlebot_nav/src/lap_time_server.cpp:1[m[K:
[01m[K/opt/ros/humble/include/rclcpp/rclcpp/subscription_options.hpp:103:12:[m[K [01;36m[Knote: [m[Kcandidate: ‘[01m[Ktemplate<class Allocator> SubscriptionOptionsWithAllocator(const rclcpp::SubscriptionOptionsBase&)-> rclcpp::SubscriptionOptionsWithAllocator<Allocator>[m[K’
  103 |   explicit [01;36m[KSubscriptionOptionsWithAllocator[m[K(
      |            [01;36m[K^~~~~~~~~~~~~~~~~~~~~~~~~~~~~~~~[m[K
[01m[K/opt/ros/humble/include/rclcpp/rclcpp/subscription_options.hpp:103:12:[m[K [01;36m[Knote: [m[K  template argument deduction/substitution failed:
[01m[K/home/fourfold/dev/inmind sessions/inmind-session-9/session-9-assignment-firas/src/turtlebot_nav/src/lap_time_server.cpp:20:74:[m[K [01;36m[Knote: [m[K  candidate expects 1 argument, 0 provided
   20 |     auto subscription_options = rclcpp::SubscriptionOptionsWithAllocator([01;36m[K)[m[K;
      |                                                                          [01;36m[K^[m[K
In file included from [01m[K/opt/ros/humble/include/rclcpp/rclcpp/subscription.hpp:45[m[K,
                 from [01m[K/opt/ros/humble/include/rclcpp/rclcpp/any_executable.hpp:25[m[K,
                 from [01m[K/opt/ros/humble/include/rclcpp/rclcpp/memory_strategy.hpp:25[m[K,
                 from [01m[K/opt/ros/humble/include/rclcpp/rclcpp/memory_strategies.hpp:18[m[K,
                 from [01m[K/opt/ros/humble/include/rclcpp/rclcpp/executor_options.hpp:20[m[K,
                 from [01m[K/opt/ros/humble/include/rclcpp/rclcpp/executor.hpp:37[m[K,
                 from [01m[K/opt/ros/humble/include/rclcpp/rclcpp/executors/multi_threaded_executor.hpp:25[m[K,
                 from [01m[K/opt/ros/humble/include/rclcpp/rclcpp/executors.hpp:21[m[K,
                 from [01m[K/opt/ros/humble/include/rclcpp/rclcpp/rclcpp.hpp:155[m[K,
                 from [01m[K/home/fourfold/dev/inmind sessions/inmind-session-9/session-9-assignment-firas/src/turtlebot_nav/src/lap_time_server.h:7[m[K,
                 from [01m[K/home/fourfold/dev/inmind sessions/inmind-session-9/session-9-assignment-firas/src/turtlebot_nav/src/lap_time_server.cpp:1[m[K:
[01m[K/opt/ros/humble/include/rclcpp/rclcpp/subscription_options.hpp:100:3:[m[K [01;36m[Knote: [m[Kcandidate: ‘[01m[Ktemplate<class Allocator> SubscriptionOptionsWithAllocator()-> rclcpp::SubscriptionOptionsWithAllocator<Allocator>[m[K’
  100 |   [01;36m[KSubscriptionOptionsWithAllocator[m[K() {}
      |   [01;36m[K^~~~~~~~~~~~~~~~~~~~~~~~~~~~~~~~[m[K
[01m[K/opt/ros/humble/include/rclcpp/rclcpp/subscription_options.hpp:100:3:[m[K [01;36m[Knote: [m[K  template argument deduction/substitution failed:
[01m[K/home/fourfold/dev/inmind sessions/inmind-session-9/session-9-assignment-firas/src/turtlebot_nav/src/lap_time_server.cpp:20:74:[m[K [01;36m[Knote: [m[K  couldn’t deduce template parameter ‘[01m[KAllocator[m[K’
   20 |     auto subscription_options = rclcpp::SubscriptionOptionsWithAllocator([01;36m[K)[m[K;
      |                                                                          [01;36m[K^[m[K
In file included from [01m[K/opt/ros/humble/include/rclcpp/rclcpp/subscription.hpp:45[m[K,
                 from [01m[K/opt/ros/humble/include/rclcpp/rclcpp/any_executable.hpp:25[m[K,
                 from [01m[K/opt/ros/humble/include/rclcpp/rclcpp/memory_strategy.hpp:25[m[K,
                 from [01m[K/opt/ros/humble/include/rclcpp/rclcpp/memory_strategies.hpp:18[m[K,
                 from [01m[K/opt/ros/humble/include/rclcpp/rclcpp/executor_options.hpp:20[m[K,
                 from [01m[K/opt/ros/humble/include/rclcpp/rclcpp/executor.hpp:37[m[K,
                 from [01m[K/opt/ros/humble/include/rclcpp/rclcpp/executors/multi_threaded_executor.hpp:25[m[K,
                 from [01m[K/opt/ros/humble/include/rclcpp/rclcpp/executors.hpp:21[m[K,
                 from [01m[K/opt/ros/humble/include/rclcpp/rclcpp/rclcpp.hpp:155[m[K,
                 from [01m[K/home/fourfold/dev/inmind sessions/inmind-session-9/session-9-assignment-firas/src/turtlebot_nav/src/lap_time_server.h:7[m[K,
                 from [01m[K/home/fourfold/dev/inmind sessions/inmind-session-9/session-9-assignment-firas/src/turtlebot_nav/src/lap_time_server.cpp:1[m[K:
[01m[K/opt/ros/humble/include/rclcpp/rclcpp/subscription_options.hpp:91:8:[m[K [01;36m[Knote: [m[Kcandidate: ‘[01m[Ktemplate<class Allocator> SubscriptionOptionsWithAllocator(rclcpp::SubscriptionOptionsWithAllocator<Allocator>)-> rclcpp::SubscriptionOptionsWithAllocator<Allocator>[m[K’
   91 | struct [01;36m[KSubscriptionOptionsWithAllocator[m[K : public SubscriptionOptionsBase
      |        [01;36m[K^~~~~~~~~~~~~~~~~~~~~~~~~~~~~~~~[m[K
[01m[K/opt/ros/humble/include/rclcpp/rclcpp/subscription_options.hpp:91:8:[m[K [01;36m[Knote: [m[K  template argument deduction/substitution failed:
[01m[K/home/fourfold/dev/inmind sessions/inmind-session-9/session-9-assignment-firas/src/turtlebot_nav/src/lap_time_server.cpp:20:74:[m[K [01;36m[Knote: [m[K  candidate expects 1 argument, 0 provided
   20 |     auto subscription_options = rclcpp::SubscriptionOptionsWithAllocator([01;36m[K)[m[K;
      |                                                                          [01;36m[K^[m[K
gmake[2]: *** [CMakeFiles/measure_lap_time_server.dir/build.make:76: CMakeFiles/measure_lap_time_server.dir/src/lap_time_server.cpp.o] Error 1
gmake[1]: *** [CMakeFiles/Makefile2:195: CMakeFiles/measure_lap_time_server.dir/all] Error 2
gmake: *** [Makefile:146: all] Error 2
