[0.005s] Invoking command in '/home/fourfold/dev/inmind sessions/inmind-session-9/session-9-assignment-firas/build/turtlebot_nav': CMAKE_PREFIX_PATH=/home/fourfold/dev/inmind sessions/inmind-session-9/session-9-assignment-firas/install/custom_interfaces:/home/fourfold/dev/inmind sessions/inmind-session-9/session-9-assignment-firas/install/turtlebot_nav:/opt/ros/humble /usr/bin/cmake --build /home/fourfold/dev/inmind sessions/inmind-session-9/session-9-assignment-firas/build/turtlebot_nav -- -j16 -l16
[0.032s] [35m[1mConsolidate compiler generated dependencies of target find_closest_wall_server[0m
[0.039s] [ 50%] Built target navigator_node
[0.042s] [ 75%] [32mBuilding CXX object CMakeFiles/find_closest_wall_server.dir/src/closest_wall_server.cpp.o[0m
[1.354s] [01m[K/home/fourfold/dev/inmind sessions/inmind-session-9/session-9-assignment-firas/src/turtlebot_nav/src/closest_wall_server.cpp:[m[K In member function ‘[01m[Kvoid ClosestWallServer::scan_callback(const LaserScan&)[m[K’:
[1.354s] [01m[K/home/fourfold/dev/inmind sessions/inmind-session-9/session-9-assignment-firas/src/turtlebot_nav/src/closest_wall_server.cpp:18:26:[m[K [01;31m[Kerror: [m[Kpassing ‘[01m[Kconst std::vector<float>[m[K’ as ‘[01m[Kthis[m[K’ argument discards qualifiers [[01;31m[K]8;;https://gcc.gnu.org/onlinedocs/gcc/Warning-Options.html#index-fpermissive-fpermissive]8;;[m[K]
[1.354s]    18 |         scan_data = data.[01;31m[Kranges[m[K;
[1.355s]       |                          [01;31m[K^~~~~~[m[K
[1.355s] In file included from [01m[K/usr/include/c++/11/vector:72[m[K,
[1.355s]                  from [01m[K/home/fourfold/dev/inmind sessions/inmind-session-9/session-9-assignment-firas/src/turtlebot_nav/src/closest_wall_server.h:3[m[K,
[1.355s]                  from [01m[K/home/fourfold/dev/inmind sessions/inmind-session-9/session-9-assignment-firas/src/turtlebot_nav/src/closest_wall_server.cpp:1[m[K:
[1.355s] [01m[K/usr/include/c++/11/bits/vector.tcc:198:5:[m[K [01;36m[Knote: [m[K  in call to ‘[01m[Kstd::vector<_Tp, _Alloc>& std::vector<_Tp, _Alloc>::operator=(const std::vector<_Tp, _Alloc>&) [with _Tp = float; _Alloc = std::allocator<float>][m[K’
[1.355s]   198 |     [01;36m[Kvector<_Tp, _Alloc>[m[K::
[1.355s]       |     [01;36m[K^~~~~~~~~~~~~~~~~~~[m[K
[1.358s] [01m[K/home/fourfold/dev/inmind sessions/inmind-session-9/session-9-assignment-firas/src/turtlebot_nav/src/closest_wall_server.cpp:[m[K In member function ‘[01m[Kvoid ClosestWallServer::find_closest_wall_callback(std::shared_ptr<custom_interfaces::srv::FindClosestWall_Request_<std::allocator<void> > >, std::shared_ptr<custom_interfaces::srv::FindClosestWall_Response_<std::allocator<void> > >)[m[K’:
[1.358s] [01m[K/home/fourfold/dev/inmind sessions/inmind-session-9/session-9-assignment-firas/src/turtlebot_nav/src/closest_wall_server.cpp:23:124:[m[K [01;35m[Kwarning: [m[Kunused parameter ‘[01m[Krequest[m[K’ [[01;35m[K]8;;https://gcc.gnu.org/onlinedocs/gcc/Warning-Options.html#index-Wunused-parameter-Wunused-parameter]8;;[m[K]
[1.358s]    23 | void ClosestWallServer::find_closest_wall_callback([01;35m[Kconst std::shared_ptr<custom_interfaces::srv::FindClosestWall::Request> request[m[K,
[1.358s]       |                                                    [01;35m[K~~~~~~~~~~~~~~~~~~~~~~~~~~~~~~~~~~~~~~~~~~~~~~~~~~~~~~~~~~~~~~~~~~~~~~~~^~~~~~~[m[K
[1.358s] [01m[K/home/fourfold/dev/inmind sessions/inmind-session-9/session-9-assignment-firas/src/turtlebot_nav/src/closest_wall_server.cpp:[m[K In member function ‘[01m[Kbool ClosestWallServer::getRotationDirection()[m[K’:
[1.358s] [01m[K/home/fourfold/dev/inmind sessions/inmind-session-9/session-9-assignment-firas/src/turtlebot_nav/src/closest_wall_server.cpp:55:38:[m[K [01;31m[Kerror: [m[Kbase operand of ‘[01m[K->[m[K’ has non-pointer type ‘[01m[Kconst std::vector<float>[m[K’
[1.358s]    55 |     float closestDistance = scan_data[01;31m[K->[m[Kat(360-4) + scan_data->at(360-3) + scan_data->at(360-2) + scan_data->at(360-1) + scan_data->at(0) + scan_data->at(1) + scan_data->at(2) + scan_data->at(3) + scan_data->at(4);
[1.358s]       |                                      [01;31m[K^~[m[K
[1.358s] [01m[K/home/fourfold/dev/inmind sessions/inmind-session-9/session-9-assignment-firas/src/turtlebot_nav/src/closest_wall_server.cpp:55:61:[m[K [01;31m[Kerror: [m[Kbase operand of ‘[01m[K->[m[K’ has non-pointer type ‘[01m[Kconst std::vector<float>[m[K’
[1.358s]    55 |     float closestDistance = scan_data->at(360-4) + scan_data[01;31m[K->[m[Kat(360-3) + scan_data->at(360-2) + scan_data->at(360-1) + scan_data->at(0) + scan_data->at(1) + scan_data->at(2) + scan_data->at(3) + scan_data->at(4);
[1.358s]       |                                                             [01;31m[K^~[m[K
[1.358s] [01m[K/home/fourfold/dev/inmind sessions/inmind-session-9/session-9-assignment-firas/src/turtlebot_nav/src/closest_wall_server.cpp:55:84:[m[K [01;31m[Kerror: [m[Kbase operand of ‘[01m[K->[m[K’ has non-pointer type ‘[01m[Kconst std::vector<float>[m[K’
[1.358s]    55 |     float closestDistance = scan_data->at(360-4) + scan_data->at(360-3) + scan_data[01;31m[K->[m[Kat(360-2) + scan_data->at(360-1) + scan_data->at(0) + scan_data->at(1) + scan_data->at(2) + scan_data->at(3) + scan_data->at(4);
[1.358s]       |                                                                                    [01;31m[K^~[m[K
[1.358s] [01m[K/home/fourfold/dev/inmind sessions/inmind-session-9/session-9-assignment-firas/src/turtlebot_nav/src/closest_wall_server.cpp:55:107:[m[K [01;31m[Kerror: [m[Kbase operand of ‘[01m[K->[m[K’ has non-pointer type ‘[01m[Kconst std::vector<float>[m[K’
[1.358s]    55 |     float closestDistance = scan_data->at(360-4) + scan_data->at(360-3) + scan_data->at(360-2) + scan_data[01;31m[K->[m[Kat(360-1) + scan_data->at(0) + scan_data->at(1) + scan_data->at(2) + scan_data->at(3) + scan_data->at(4);
[1.358s]       |                                                                                                           [01;31m[K^~[m[K
[1.358s] [01m[K/home/fourfold/dev/inmind sessions/inmind-session-9/session-9-assignment-firas/src/turtlebot_nav/src/closest_wall_server.cpp:55:130:[m[K [01;31m[Kerror: [m[Kbase operand of ‘[01m[K->[m[K’ has non-pointer type ‘[01m[Kconst std::vector<float>[m[K’
[1.358s]    55 |     float closestDistance = scan_data->at(360-4) + scan_data->at(360-3) + scan_data->at(360-2) + scan_data->at(360-1) + scan_data[01;31m[K->[m[Kat(0) + scan_data->at(1) + scan_data->at(2) + scan_data->at(3) + scan_data->at(4);
[1.358s]       |                                                                                                                                  [01;31m[K^~[m[K
[1.358s] [01m[K/home/fourfold/dev/inmind sessions/inmind-session-9/session-9-assignment-firas/src/turtlebot_nav/src/closest_wall_server.cpp:55:149:[m[K [01;31m[Kerror: [m[Kbase operand of ‘[01m[K->[m[K’ has non-pointer type ‘[01m[Kconst std::vector<float>[m[K’
[1.359s]    55 |     float closestDistance = scan_data->at(360-4) + scan_data->at(360-3) + scan_data->at(360-2) + scan_data->at(360-1) + scan_data->at(0) + scan_data[01;31m[K->[m[Kat(1) + scan_data->at(2) + scan_data->at(3) + scan_data->at(4);
[1.359s]       |                                                                                                                                                     [01;31m[K^~[m[K
[1.359s] [01m[K/home/fourfold/dev/inmind sessions/inmind-session-9/session-9-assignment-firas/src/turtlebot_nav/src/closest_wall_server.cpp:55:168:[m[K [01;31m[Kerror: [m[Kbase operand of ‘[01m[K->[m[K’ has non-pointer type ‘[01m[Kconst std::vector<float>[m[K’
[1.359s]    55 |     float closestDistance = scan_data->at(360-4) + scan_data->at(360-3) + scan_data->at(360-2) + scan_data->at(360-1) + scan_data->at(0) + scan_data->at(1) + scan_data[01;31m[K->[m[Kat(2) + scan_data->at(3) + scan_data->at(4);
[1.359s]       |                                                                                                                                                                        [01;31m[K^~[m[K
[1.359s] [01m[K/home/fourfold/dev/inmind sessions/inmind-session-9/session-9-assignment-firas/src/turtlebot_nav/src/closest_wall_server.cpp:55:187:[m[K [01;31m[Kerror: [m[Kbase operand of ‘[01m[K->[m[K’ has non-pointer type ‘[01m[Kconst std::vector<float>[m[K’
[1.359s]    55 |     float closestDistance = scan_data->at(360-4) + scan_data->at(360-3) + scan_data->at(360-2) + scan_data->at(360-1) + scan_data->at(0) + scan_data->at(1) + scan_data->at(2) + scan_data[01;31m[K->[m[Kat(3) + scan_data->at(4);
[1.359s]       |                                                                                                                                                                                           [01;31m[K^~[m[K
[1.359s] [01m[K/home/fourfold/dev/inmind sessions/inmind-session-9/session-9-assignment-firas/src/turtlebot_nav/src/closest_wall_server.cpp:55:206:[m[K [01;31m[Kerror: [m[Kbase operand of ‘[01m[K->[m[K’ has non-pointer type ‘[01m[Kconst std::vector<float>[m[K’
[1.359s]    55 |     float closestDistance = scan_data->at(360-4) + scan_data->at(360-3) + scan_data->at(360-2) + scan_data->at(360-1) + scan_data->at(0) + scan_data->at(1) + scan_data->at(2) + scan_data->at(3) + scan_data[01;31m[K->[m[Kat(4);
[1.359s]       |                                                                                                                                                                                                              [01;31m[K^~[m[K
[1.359s] [01m[K/home/fourfold/dev/inmind sessions/inmind-session-9/session-9-assignment-firas/src/turtlebot_nav/src/closest_wall_server.cpp:59:29:[m[K [01;31m[Kerror: [m[Kbase operand of ‘[01m[K->[m[K’ has non-pointer type ‘[01m[Kconst std::vector<float>[m[K’
[1.359s]    59 |             sum += scan_data[01;31m[K->[m[Kat(j);
[1.359s]       |                             [01;31m[K^~[m[K
[1.359s] [01m[K/home/fourfold/dev/inmind sessions/inmind-session-9/session-9-assignment-firas/src/turtlebot_nav/src/closest_wall_server.cpp:[m[K In member function ‘[01m[Kbool ClosestWallServer::isCorrectDirection()[m[K’:
[1.359s] [01m[K/home/fourfold/dev/inmind sessions/inmind-session-9/session-9-assignment-firas/src/turtlebot_nav/src/closest_wall_server.cpp:74:38:[m[K [01;31m[Kerror: [m[Kbase operand of ‘[01m[K->[m[K’ has non-pointer type ‘[01m[Kconst std::vector<float>[m[K’
[1.359s]    74 |     float forwardDistance = scan_data[01;31m[K->[m[Kat(360-4) + scan_data->at(360-3) + scan_data->at(360-2) + scan_data->at(360-1) + scan_data->at(0) + scan_data->at(1) + scan_data->at(2) + scan_data->at(3) + scan_data->at(4);
[1.359s]       |                                      [01;31m[K^~[m[K
[1.359s] [01m[K/home/fourfold/dev/inmind sessions/inmind-session-9/session-9-assignment-firas/src/turtlebot_nav/src/closest_wall_server.cpp:74:61:[m[K [01;31m[Kerror: [m[Kbase operand of ‘[01m[K->[m[K’ has non-pointer type ‘[01m[Kconst std::vector<float>[m[K’
[1.359s]    74 |     float forwardDistance = scan_data->at(360-4) + scan_data[01;31m[K->[m[Kat(360-3) + scan_data->at(360-2) + scan_data->at(360-1) + scan_data->at(0) + scan_data->at(1) + scan_data->at(2) + scan_data->at(3) + scan_data->at(4);
[1.359s]       |                                                             [01;31m[K^~[m[K
[1.359s] [01m[K/home/fourfold/dev/inmind sessions/inmind-session-9/session-9-assignment-firas/src/turtlebot_nav/src/closest_wall_server.cpp:74:84:[m[K [01;31m[Kerror: [m[Kbase operand of ‘[01m[K->[m[K’ has non-pointer type ‘[01m[Kconst std::vector<float>[m[K’
[1.359s]    74 |     float forwardDistance = scan_data->at(360-4) + scan_data->at(360-3) + scan_data[01;31m[K->[m[Kat(360-2) + scan_data->at(360-1) + scan_data->at(0) + scan_data->at(1) + scan_data->at(2) + scan_data->at(3) + scan_data->at(4);
[1.359s]       |                                                                                    [01;31m[K^~[m[K
[1.359s] [01m[K/home/fourfold/dev/inmind sessions/inmind-session-9/session-9-assignment-firas/src/turtlebot_nav/src/closest_wall_server.cpp:74:107:[m[K [01;31m[Kerror: [m[Kbase operand of ‘[01m[K->[m[K’ has non-pointer type ‘[01m[Kconst std::vector<float>[m[K’
[1.359s]    74 |     float forwardDistance = scan_data->at(360-4) + scan_data->at(360-3) + scan_data->at(360-2) + scan_data[01;31m[K->[m[Kat(360-1) + scan_data->at(0) + scan_data->at(1) + scan_data->at(2) + scan_data->at(3) + scan_data->at(4);
[1.359s]       |                                                                                                           [01;31m[K^~[m[K
[1.359s] [01m[K/home/fourfold/dev/inmind sessions/inmind-session-9/session-9-assignment-firas/src/turtlebot_nav/src/closest_wall_server.cpp:74:130:[m[K [01;31m[Kerror: [m[Kbase operand of ‘[01m[K->[m[K’ has non-pointer type ‘[01m[Kconst std::vector<float>[m[K’
[1.359s]    74 |     float forwardDistance = scan_data->at(360-4) + scan_data->at(360-3) + scan_data->at(360-2) + scan_data->at(360-1) + scan_data[01;31m[K->[m[Kat(0) + scan_data->at(1) + scan_data->at(2) + scan_data->at(3) + scan_data->at(4);
[1.359s]       |                                                                                                                                  [01;31m[K^~[m[K
[1.359s] [01m[K/home/fourfold/dev/inmind sessions/inmind-session-9/session-9-assignment-firas/src/turtlebot_nav/src/closest_wall_server.cpp:74:149:[m[K [01;31m[Kerror: [m[Kbase operand of ‘[01m[K->[m[K’ has non-pointer type ‘[01m[Kconst std::vector<float>[m[K’
[1.359s]    74 |     float forwardDistance = scan_data->at(360-4) + scan_data->at(360-3) + scan_data->at(360-2) + scan_data->at(360-1) + scan_data->at(0) + scan_data[01;31m[K->[m[Kat(1) + scan_data->at(2) + scan_data->at(3) + scan_data->at(4);
[1.359s]       |                                                                                                                                                     [01;31m[K^~[m[K
[1.359s] [01m[K/home/fourfold/dev/inmind sessions/inmind-session-9/session-9-assignment-firas/src/turtlebot_nav/src/closest_wall_server.cpp:74:168:[m[K [01;31m[Kerror: [m[Kbase operand of ‘[01m[K->[m[K’ has non-pointer type ‘[01m[Kconst std::vector<float>[m[K’
[1.359s]    74 |     float forwardDistance = scan_data->at(360-4) + scan_data->at(360-3) + scan_data->at(360-2) + scan_data->at(360-1) + scan_data->at(0) + scan_data->at(1) + scan_data[01;31m[K->[m[Kat(2) + scan_data->at(3) + scan_data->at(4);
[1.359s]       |                                                                                                                                                                        [01;31m[K^~[m[K
[1.359s] [01m[K/home/fourfold/dev/inmind sessions/inmind-session-9/session-9-assignment-firas/src/turtlebot_nav/src/closest_wall_server.cpp:74:187:[m[K [01;31m[Kerror: [m[Kbase operand of ‘[01m[K->[m[K’ has non-pointer type ‘[01m[Kconst std::vector<float>[m[K’
[1.360s]    74 |     float forwardDistance = scan_data->at(360-4) + scan_data->at(360-3) + scan_data->at(360-2) + scan_data->at(360-1) + scan_data->at(0) + scan_data->at(1) + scan_data->at(2) + scan_data[01;31m[K->[m[Kat(3) + scan_data->at(4);
[1.360s]       |                                                                                                                                                                                           [01;31m[K^~[m[K
[1.360s] [01m[K/home/fourfold/dev/inmind sessions/inmind-session-9/session-9-assignment-firas/src/turtlebot_nav/src/closest_wall_server.cpp:74:206:[m[K [01;31m[Kerror: [m[Kbase operand of ‘[01m[K->[m[K’ has non-pointer type ‘[01m[Kconst std::vector<float>[m[K’
[1.360s]    74 |     float forwardDistance = scan_data->at(360-4) + scan_data->at(360-3) + scan_data->at(360-2) + scan_data->at(360-1) + scan_data->at(0) + scan_data->at(1) + scan_data->at(2) + scan_data->at(3) + scan_data[01;31m[K->[m[Kat(4);
[1.360s]       |                                                                                                                                                                                                              [01;31m[K^~[m[K
[1.360s] [01m[K/home/fourfold/dev/inmind sessions/inmind-session-9/session-9-assignment-firas/src/turtlebot_nav/src/closest_wall_server.cpp:78:29:[m[K [01;31m[Kerror: [m[Kbase operand of ‘[01m[K->[m[K’ has non-pointer type ‘[01m[Kconst std::vector<float>[m[K’
[1.360s]    78 |             sum += scan_data[01;31m[K->[m[Kat(j);
[1.360s]       |                             [01;31m[K^~[m[K
[2.842s] gmake[2]: *** [CMakeFiles/find_closest_wall_server.dir/build.make:76: CMakeFiles/find_closest_wall_server.dir/src/closest_wall_server.cpp.o] Error 1
[2.842s] gmake[1]: *** [CMakeFiles/Makefile2:165: CMakeFiles/find_closest_wall_server.dir/all] Error 2
[2.842s] gmake: *** [Makefile:146: all] Error 2
[2.844s] Invoked command in '/home/fourfold/dev/inmind sessions/inmind-session-9/session-9-assignment-firas/build/turtlebot_nav' returned '2': CMAKE_PREFIX_PATH=/home/fourfold/dev/inmind sessions/inmind-session-9/session-9-assignment-firas/install/custom_interfaces:/home/fourfold/dev/inmind sessions/inmind-session-9/session-9-assignment-firas/install/turtlebot_nav:/opt/ros/humble /usr/bin/cmake --build /home/fourfold/dev/inmind sessions/inmind-session-9/session-9-assignment-firas/build/turtlebot_nav -- -j16 -l16
