[0.005s] Invoking command in '/home/fourfold/dev/inmind sessions/inmind-session-9/session-9-assignment-firas/build/turtlebot_nav': CMAKE_PREFIX_PATH=/home/fourfold/dev/inmind sessions/inmind-session-9/session-9-assignment-firas/install/custom_interfaces:/home/fourfold/dev/inmind sessions/inmind-session-9/session-9-assignment-firas/install/turtlebot_nav:/opt/ros/humble /usr/bin/cmake --build /home/fourfold/dev/inmind sessions/inmind-session-9/session-9-assignment-firas/build/turtlebot_nav -- -j16 -l16
[0.031s] [35m[1mConsolidate compiler generated dependencies of target measure_lap_time_client[0m
[0.038s] [ 62%] Built target navigator_node
[0.038s] [ 62%] Built target find_closest_wall_server
[0.038s] [ 75%] Built target measure_lap_time_server
[0.042s] [ 87%] [32mBuilding CXX object CMakeFiles/measure_lap_time_client.dir/src/lap_time_client.cpp.o[0m
[1.305s] In file included from [01m[K/opt/ros/humble/include/rclcpp/rclcpp/logging.hpp:24[m[K,
[1.305s]                  from [01m[K/opt/ros/humble/include/rclcpp/rclcpp/client.hpp:40[m[K,
[1.305s]                  from [01m[K/opt/ros/humble/include/rclcpp/rclcpp/callback_group.hpp:24[m[K,
[1.305s]                  from [01m[K/opt/ros/humble/include/rclcpp/rclcpp/any_executable.hpp:20[m[K,
[1.305s]                  from [01m[K/opt/ros/humble/include/rclcpp/rclcpp/memory_strategy.hpp:25[m[K,
[1.305s]                  from [01m[K/opt/ros/humble/include/rclcpp/rclcpp/memory_strategies.hpp:18[m[K,
[1.305s]                  from [01m[K/opt/ros/humble/include/rclcpp/rclcpp/executor_options.hpp:20[m[K,
[1.306s]                  from [01m[K/opt/ros/humble/include/rclcpp/rclcpp/executor.hpp:37[m[K,
[1.306s]                  from [01m[K/opt/ros/humble/include/rclcpp/rclcpp/executors/multi_threaded_executor.hpp:25[m[K,
[1.306s]                  from [01m[K/opt/ros/humble/include/rclcpp/rclcpp/executors.hpp:21[m[K,
[1.306s]                  from [01m[K/opt/ros/humble/include/rclcpp/rclcpp/rclcpp.hpp:155[m[K,
[1.306s]                  from [01m[K/home/fourfold/dev/inmind sessions/inmind-session-9/session-9-assignment-firas/src/turtlebot_nav/src/lap_time_client.h:8[m[K,
[1.306s]                  from [01m[K/home/fourfold/dev/inmind sessions/inmind-session-9/session-9-assignment-firas/src/turtlebot_nav/src/lap_time_client.cpp:1[m[K:
[1.306s] [01m[K/home/fourfold/dev/inmind sessions/inmind-session-9/session-9-assignment-firas/src/turtlebot_nav/src/lap_time_client.cpp:[m[K In member function ‘[01m[Kvoid LapTimeClient::feedback_callback(rclcpp_action::ClientGoalHandle<custom_interfaces::action::MeasureLapTime>::SharedPtr, std::shared_ptr<const custom_interfaces::action::MeasureLapTime_Feedback_<std::allocator<void> > >)[m[K’:
[1.306s] [01m[K/home/fourfold/dev/inmind sessions/inmind-session-9/session-9-assignment-firas/src/turtlebot_nav/src/lap_time_client.cpp:50:53:[m[K [01;31m[Kerror: [m[Kcannot convert ‘[01m[Kstd::__cxx11::basic_stringstream<char>::__string_type[m[K’ {aka ‘[01m[Kstd::__cxx11::basic_string<char>[m[K’} to ‘[01m[Kconst char*[m[K’
[1.306s]    50 |     RCLCPP_INFO(rclcpp::get_logger("rclcpp"), [01;31m[Kss.str()[m[K);
[1.306s]       |                                               [01;31m[K~~~~~~^~[m[K
[1.306s]       |                                                     [01;31m[K|[m[K
[1.306s]       |                                                     [01;31m[Kstd::__cxx11::basic_stringstream<char>::__string_type {aka std::__cxx11::basic_string<char>}[m[K
[1.306s] In file included from [01m[K/opt/ros/humble/include/rmw/rmw/types.h:28[m[K,
[1.306s]                  from [01m[K/opt/ros/humble/include/rcl/rcl/types.h:20[m[K,
[1.306s]                  from [01m[K/opt/ros/humble/include/rcl/rcl/log_level.h:22[m[K,
[1.306s]                  from [01m[K/opt/ros/humble/include/rcl/rcl/arguments.h:21[m[K,
[1.306s]                  from [01m[K/opt/ros/humble/include/rcl/rcl/context.h:28[m[K,
[1.307s]                  from [01m[K/opt/ros/humble/include/rcl/rcl/guard_condition.h:26[m[K,
[1.307s]                  from [01m[K/opt/ros/humble/include/rclcpp/rclcpp/executor.hpp:30[m[K,
[1.307s]                  from [01m[K/opt/ros/humble/include/rclcpp/rclcpp/executors/multi_threaded_executor.hpp:25[m[K,
[1.307s]                  from [01m[K/opt/ros/humble/include/rclcpp/rclcpp/executors.hpp:21[m[K,
[1.307s]                  from [01m[K/opt/ros/humble/include/rclcpp/rclcpp/rclcpp.hpp:155[m[K,
[1.307s]                  from [01m[K/home/fourfold/dev/inmind sessions/inmind-session-9/session-9-assignment-firas/src/turtlebot_nav/src/lap_time_client.h:8[m[K,
[1.307s]                  from [01m[K/home/fourfold/dev/inmind sessions/inmind-session-9/session-9-assignment-firas/src/turtlebot_nav/src/lap_time_client.cpp:1[m[K:
[1.307s] [01m[K/opt/ros/humble/include/rcutils/rcutils/logging.h:479:16:[m[K [01;36m[Knote: [m[K  initializing argument 4 of ‘[01m[Kvoid rcutils_log(const rcutils_log_location_t*, int, const char*, const char*, ...)[m[K’
[1.307s]   479 |   [01;36m[Kconst char * format[m[K,
[1.307s]       |   [01;36m[K~~~~~~~~~~~~~^~~~~~[m[K
[1.318s] [01m[K/home/fourfold/dev/inmind sessions/inmind-session-9/session-9-assignment-firas/src/turtlebot_nav/src/lap_time_client.cpp:[m[K In member function ‘[01m[Kvoid LapTimeClient::result_callback(const rclcpp_action::ClientGoalHandle<custom_interfaces::action::MeasureLapTime>::WrappedResult&)[m[K’:
[1.318s] [01m[K/home/fourfold/dev/inmind sessions/inmind-session-9/session-9-assignment-firas/src/turtlebot_nav/src/lap_time_client.cpp:68:39:[m[K [01;31m[Kerror: [m[K‘[01m[Kfeedback[m[K’ was not declared in this scope
[1.318s]    68 |     ss << "Total lap time: " << round([01;31m[Kfeedback[m[K->elapsed_time) << " seconds.";
[1.318s]       |                                       [01;31m[K^~~~~~~~[m[K
[1.318s] In file included from [01m[K/opt/ros/humble/include/rclcpp/rclcpp/logging.hpp:24[m[K,
[1.318s]                  from [01m[K/opt/ros/humble/include/rclcpp/rclcpp/client.hpp:40[m[K,
[1.318s]                  from [01m[K/opt/ros/humble/include/rclcpp/rclcpp/callback_group.hpp:24[m[K,
[1.318s]                  from [01m[K/opt/ros/humble/include/rclcpp/rclcpp/any_executable.hpp:20[m[K,
[1.318s]                  from [01m[K/opt/ros/humble/include/rclcpp/rclcpp/memory_strategy.hpp:25[m[K,
[1.318s]                  from [01m[K/opt/ros/humble/include/rclcpp/rclcpp/memory_strategies.hpp:18[m[K,
[1.318s]                  from [01m[K/opt/ros/humble/include/rclcpp/rclcpp/executor_options.hpp:20[m[K,
[1.318s]                  from [01m[K/opt/ros/humble/include/rclcpp/rclcpp/executor.hpp:37[m[K,
[1.318s]                  from [01m[K/opt/ros/humble/include/rclcpp/rclcpp/executors/multi_threaded_executor.hpp:25[m[K,
[1.318s]                  from [01m[K/opt/ros/humble/include/rclcpp/rclcpp/executors.hpp:21[m[K,
[1.318s]                  from [01m[K/opt/ros/humble/include/rclcpp/rclcpp/rclcpp.hpp:155[m[K,
[1.318s]                  from [01m[K/home/fourfold/dev/inmind sessions/inmind-session-9/session-9-assignment-firas/src/turtlebot_nav/src/lap_time_client.h:8[m[K,
[1.318s]                  from [01m[K/home/fourfold/dev/inmind sessions/inmind-session-9/session-9-assignment-firas/src/turtlebot_nav/src/lap_time_client.cpp:1[m[K:
[1.318s] [01m[K/home/fourfold/dev/inmind sessions/inmind-session-9/session-9-assignment-firas/src/turtlebot_nav/src/lap_time_client.cpp:69:53:[m[K [01;31m[Kerror: [m[Kcannot convert ‘[01m[Kstd::__cxx11::basic_stringstream<char>::__string_type[m[K’ {aka ‘[01m[Kstd::__cxx11::basic_string<char>[m[K’} to ‘[01m[Kconst char*[m[K’
[1.318s]    69 |     RCLCPP_INFO(rclcpp::get_logger("rclcpp"), [01;31m[Kss.str()[m[K);
[1.318s]       |                                               [01;31m[K~~~~~~^~[m[K
[1.319s]       |                                                     [01;31m[K|[m[K
[1.319s]       |                                                     [01;31m[Kstd::__cxx11::basic_stringstream<char>::__string_type {aka std::__cxx11::basic_string<char>}[m[K
[1.319s] In file included from [01m[K/opt/ros/humble/include/rmw/rmw/types.h:28[m[K,
[1.319s]                  from [01m[K/opt/ros/humble/include/rcl/rcl/types.h:20[m[K,
[1.319s]                  from [01m[K/opt/ros/humble/include/rcl/rcl/log_level.h:22[m[K,
[1.319s]                  from [01m[K/opt/ros/humble/include/rcl/rcl/arguments.h:21[m[K,
[1.319s]                  from [01m[K/opt/ros/humble/include/rcl/rcl/context.h:28[m[K,
[1.319s]                  from [01m[K/opt/ros/humble/include/rcl/rcl/guard_condition.h:26[m[K,
[1.319s]                  from [01m[K/opt/ros/humble/include/rclcpp/rclcpp/executor.hpp:30[m[K,
[1.319s]                  from [01m[K/opt/ros/humble/include/rclcpp/rclcpp/executors/multi_threaded_executor.hpp:25[m[K,
[1.319s]                  from [01m[K/opt/ros/humble/include/rclcpp/rclcpp/executors.hpp:21[m[K,
[1.319s]                  from [01m[K/opt/ros/humble/include/rclcpp/rclcpp/rclcpp.hpp:155[m[K,
[1.319s]                  from [01m[K/home/fourfold/dev/inmind sessions/inmind-session-9/session-9-assignment-firas/src/turtlebot_nav/src/lap_time_client.h:8[m[K,
[1.319s]                  from [01m[K/home/fourfold/dev/inmind sessions/inmind-session-9/session-9-assignment-firas/src/turtlebot_nav/src/lap_time_client.cpp:1[m[K:
[1.319s] [01m[K/opt/ros/humble/include/rcutils/rcutils/logging.h:479:16:[m[K [01;36m[Knote: [m[K  initializing argument 4 of ‘[01m[Kvoid rcutils_log(const rcutils_log_location_t*, int, const char*, const char*, ...)[m[K’
[1.319s]   479 |   [01;36m[Kconst char * format[m[K,
[1.319s]       |   [01;36m[K~~~~~~~~~~~~~^~~~~~[m[K
[1.321s] [01m[K/home/fourfold/dev/inmind sessions/inmind-session-9/session-9-assignment-firas/src/turtlebot_nav/src/lap_time_client.cpp:[m[K In function ‘[01m[Kint main(int, char**)[m[K’:
[1.321s] [01m[K/home/fourfold/dev/inmind sessions/inmind-session-9/session-9-assignment-firas/src/turtlebot_nav/src/lap_time_client.cpp:77:41:[m[K [01;31m[Kerror: [m[K‘[01m[KNavigator[m[K’ was not declared in this scope
[1.321s]    77 |     auto client_node = std::make_shared<[01;31m[KNavigator[m[K>();
[1.321s]       |                                         [01;31m[K^~~~~~~~~[m[K
[1.321s] [01m[K/home/fourfold/dev/inmind sessions/inmind-session-9/session-9-assignment-firas/src/turtlebot_nav/src/lap_time_client.cpp:77:51:[m[K [01;31m[Kerror: [m[Kno matching function for call to ‘[01m[Kmake_shared<<expression error> >()[m[K’
[1.321s]    77 |     auto client_node = [01;31m[Kstd::make_shared<Navigator>()[m[K;
[1.321s]       |                        [01;31m[K~~~~~~~~~~~~~~~~~~~~~~~~~~~^~[m[K
[1.321s] In file included from [01m[K/usr/include/c++/11/memory:77[m[K,
[1.321s]                  from [01m[K/home/fourfold/dev/inmind sessions/inmind-session-9/session-9-assignment-firas/src/turtlebot_nav/src/lap_time_client.h:1[m[K,
[1.321s]                  from [01m[K/home/fourfold/dev/inmind sessions/inmind-session-9/session-9-assignment-firas/src/turtlebot_nav/src/lap_time_client.cpp:1[m[K:
[1.321s] [01m[K/usr/include/c++/11/bits/shared_ptr.h:875:5:[m[K [01;36m[Knote: [m[Kcandidate: ‘[01m[Ktemplate<class _Tp, class ... _Args> std::shared_ptr<_Tp> std::make_shared(_Args&& ...)[m[K’
[1.321s]   875 |     [01;36m[Kmake_shared[m[K(_Args&&... __args)
[1.321s]       |     [01;36m[K^~~~~~~~~~~[m[K
[1.321s] [01m[K/usr/include/c++/11/bits/shared_ptr.h:875:5:[m[K [01;36m[Knote: [m[K  template argument deduction/substitution failed:
[1.321s] [01m[K/home/fourfold/dev/inmind sessions/inmind-session-9/session-9-assignment-firas/src/turtlebot_nav/src/lap_time_client.cpp:77:51:[m[K [01;31m[Kerror: [m[Ktemplate argument 1 is invalid
[1.322s]    77 |     auto client_node = [01;31m[Kstd::make_shared<Navigator>()[m[K;
[1.322s]       |                        [01;31m[K~~~~~~~~~~~~~~~~~~~~~~~~~~~^~[m[K
[1.692s] gmake[2]: *** [CMakeFiles/measure_lap_time_client.dir/build.make:76: CMakeFiles/measure_lap_time_client.dir/src/lap_time_client.cpp.o] Error 1
[1.692s] gmake[1]: *** [CMakeFiles/Makefile2:221: CMakeFiles/measure_lap_time_client.dir/all] Error 2
[1.692s] gmake: *** [Makefile:146: all] Error 2
[1.694s] Invoked command in '/home/fourfold/dev/inmind sessions/inmind-session-9/session-9-assignment-firas/build/turtlebot_nav' returned '2': CMAKE_PREFIX_PATH=/home/fourfold/dev/inmind sessions/inmind-session-9/session-9-assignment-firas/install/custom_interfaces:/home/fourfold/dev/inmind sessions/inmind-session-9/session-9-assignment-firas/install/turtlebot_nav:/opt/ros/humble /usr/bin/cmake --build /home/fourfold/dev/inmind sessions/inmind-session-9/session-9-assignment-firas/build/turtlebot_nav -- -j16 -l16
