-- Found ament_cmake: 1.3.9 (/opt/ros/humble/share/ament_cmake/cmake)
-- Found rclcpp: 16.0.9 (/opt/ros/humble/share/rclcpp/cmake)
-- Found rosidl_generator_c: 3.1.5 (/opt/ros/humble/share/rosidl_generator_c/cmake)
-- Found rosidl_adapter: 3.1.5 (/opt/ros/humble/share/rosidl_adapter/cmake)
-- Found rosidl_generator_cpp: 3.1.5 (/opt/ros/humble/share/rosidl_generator_cpp/cmake)
-- Using all available rosidl_typesupport_c: rosidl_typesupport_fastrtps_c;rosidl_typesupport_introspection_c
-- Using all available rosidl_typesupport_cpp: rosidl_typesupport_fastrtps_cpp;rosidl_typesupport_introspection_cpp
-- Found rmw_implementation_cmake: 6.1.2 (/opt/ros/humble/share/rmw_implementation_cmake/cmake)
-- Found rmw_fastrtps_cpp: 6.2.6 (/opt/ros/humble/share/rmw_fastrtps_cpp/cmake)
-- Using RMW implementation 'rmw_fastrtps_cpp' as default
-- Found geometry_msgs: 4.2.4 (/opt/ros/humble/share/geometry_msgs/cmake)
-- Found sensor_msgs: 4.2.4 (/opt/ros/humble/share/sensor_msgs/cmake)
-- Found custom_interfaces: 0.0.0 (/home/fourfold/dev/inmind sessions/inmind-session-9/session-9-assignment-firas/install/custom_interfaces/share/custom_interfaces/cmake)
-- Found rclcpp_action: 16.0.9 (/opt/ros/humble/share/rclcpp_action/cmake)
-- Found rclcpp_components: 16.0.9 (/opt/ros/humble/share/rclcpp_components/cmake)
-- Found ament_lint_auto: 0.12.11 (/opt/ros/humble/share/ament_lint_auto/cmake)
-- Added test 'cppcheck' to perform static code analysis on C / C++ code
-- Configured cppcheck include dirs: 
-- Configured cppcheck exclude dirs and/or files: 
-- Added test 'lint_cmake' to check CMake code style
-- Added test 'uncrustify' to check C / C++ code style
-- Configured uncrustify additional arguments: 
-- Added test 'xmllint' to check XML markup files
-- Configuring done
-- Generating done
-- Build files have been written to: /home/fourfold/dev/inmind sessions/inmind-session-9/session-9-assignment-firas/build/turtlebot_nav
[35m[1mConsolidate compiler generated dependencies of target find_closest_wall_server[0m
[35m[1mConsolidate compiler generated dependencies of target navigator_node[0m
[ 75%] Built target navigator_node
[ 75%] [32mBuilding CXX object CMakeFiles/find_closest_wall_server.dir/src/closest_wall_server.cpp.o[0m
[01m[K/home/fourfold/dev/inmind sessions/inmind-session-9/session-9-assignment-firas/src/turtlebot_nav/src/closest_wall_server.cpp:[m[K In member function ‘[01m[Kvoid ClosestWallServer::find_closest_wall_callback(std::shared_ptr<custom_interfaces::srv::FindClosestWall_Request_<std::allocator<void> > >, std::shared_ptr<custom_interfaces::srv::FindClosestWall_Response_<std::allocator<void> > >)[m[K’:
[01m[K/home/fourfold/dev/inmind sessions/inmind-session-9/session-9-assignment-firas/src/turtlebot_nav/src/closest_wall_server.cpp:23:124:[m[K [01;35m[Kwarning: [m[Kunused parameter ‘[01m[Krequest[m[K’ [[01;35m[K]8;;https://gcc.gnu.org/onlinedocs/gcc/Warning-Options.html#index-Wunused-parameter-Wunused-parameter]8;;[m[K]
   23 | void ClosestWallServer::find_closest_wall_callback([01;35m[Kconst std::shared_ptr<custom_interfaces::srv::FindClosestWall::Request> request[m[K,
      |                                                    [01;35m[K~~~~~~~~~~~~~~~~~~~~~~~~~~~~~~~~~~~~~~~~~~~~~~~~~~~~~~~~~~~~~~~~~~~~~~~~^~~~~~~[m[K
[100%] [32m[1mLinking CXX executable find_closest_wall_server[0m
[100%] Built target find_closest_wall_server
-- Install configuration: ""
-- Up-to-date: /home/fourfold/dev/inmind sessions/inmind-session-9/session-9-assignment-firas/install/turtlebot_nav/lib/turtlebot_nav/navigator_node
-- Installing: /home/fourfold/dev/inmind sessions/inmind-session-9/session-9-assignment-firas/install/turtlebot_nav/lib/turtlebot_nav/find_closest_wall_server
-- Set runtime path of "/home/fourfold/dev/inmind sessions/inmind-session-9/session-9-assignment-firas/install/turtlebot_nav/lib/turtlebot_nav/find_closest_wall_server" to ""
-- Installing: /home/fourfold/dev/inmind sessions/inmind-session-9/session-9-assignment-firas/install/turtlebot_nav/share/ament_index/resource_index/package_run_dependencies/turtlebot_nav
-- Up-to-date: /home/fourfold/dev/inmind sessions/inmind-session-9/session-9-assignment-firas/install/turtlebot_nav/share/ament_index/resource_index/parent_prefix_path/turtlebot_nav
-- Up-to-date: /home/fourfold/dev/inmind sessions/inmind-session-9/session-9-assignment-firas/install/turtlebot_nav/share/turtlebot_nav/environment/ament_prefix_path.sh
-- Installing: /home/fourfold/dev/inmind sessions/inmind-session-9/session-9-assignment-firas/install/turtlebot_nav/share/turtlebot_nav/environment/ament_prefix_path.dsv
-- Up-to-date: /home/fourfold/dev/inmind sessions/inmind-session-9/session-9-assignment-firas/install/turtlebot_nav/share/turtlebot_nav/environment/path.sh
-- Installing: /home/fourfold/dev/inmind sessions/inmind-session-9/session-9-assignment-firas/install/turtlebot_nav/share/turtlebot_nav/environment/path.dsv
-- Up-to-date: /home/fourfold/dev/inmind sessions/inmind-session-9/session-9-assignment-firas/install/turtlebot_nav/share/turtlebot_nav/local_setup.bash
-- Up-to-date: /home/fourfold/dev/inmind sessions/inmind-session-9/session-9-assignment-firas/install/turtlebot_nav/share/turtlebot_nav/local_setup.sh
-- Up-to-date: /home/fourfold/dev/inmind sessions/inmind-session-9/session-9-assignment-firas/install/turtlebot_nav/share/turtlebot_nav/local_setup.zsh
-- Installing: /home/fourfold/dev/inmind sessions/inmind-session-9/session-9-assignment-firas/install/turtlebot_nav/share/turtlebot_nav/local_setup.dsv
-- Installing: /home/fourfold/dev/inmind sessions/inmind-session-9/session-9-assignment-firas/install/turtlebot_nav/share/turtlebot_nav/package.dsv
-- Up-to-date: /home/fourfold/dev/inmind sessions/inmind-session-9/session-9-assignment-firas/install/turtlebot_nav/share/ament_index/resource_index/packages/turtlebot_nav
-- Up-to-date: /home/fourfold/dev/inmind sessions/inmind-session-9/session-9-assignment-firas/install/turtlebot_nav/share/turtlebot_nav/cmake/turtlebot_navConfig.cmake
-- Up-to-date: /home/fourfold/dev/inmind sessions/inmind-session-9/session-9-assignment-firas/install/turtlebot_nav/share/turtlebot_nav/cmake/turtlebot_navConfig-version.cmake
-- Installing: /home/fourfold/dev/inmind sessions/inmind-session-9/session-9-assignment-firas/install/turtlebot_nav/share/turtlebot_nav/package.xml
