[0.005s] Invoking command in '/home/fourfold/dev/inmind sessions/inmind-session-9/session-9-assignment-firas/build/turtlebot_nav': CMAKE_PREFIX_PATH=/home/fourfold/dev/inmind sessions/inmind-session-9/session-9-assignment-firas/install/custom_interfaces:/home/fourfold/dev/inmind sessions/inmind-session-9/session-9-assignment-firas/install/turtlebot_nav:/opt/ros/humble /usr/bin/cmake --build /home/fourfold/dev/inmind sessions/inmind-session-9/session-9-assignment-firas/build/turtlebot_nav -- -j16 -l16
[0.019s] -- Found ament_cmake: 1.3.9 (/opt/ros/humble/share/ament_cmake/cmake)
[0.088s] -- Found rclcpp: 16.0.9 (/opt/ros/humble/share/rclcpp/cmake)
[0.104s] -- Found rosidl_generator_c: 3.1.5 (/opt/ros/humble/share/rosidl_generator_c/cmake)
[0.105s] -- Found rosidl_adapter: 3.1.5 (/opt/ros/humble/share/rosidl_adapter/cmake)
[0.108s] -- Found rosidl_generator_cpp: 3.1.5 (/opt/ros/humble/share/rosidl_generator_cpp/cmake)
[0.114s] -- Using all available rosidl_typesupport_c: rosidl_typesupport_fastrtps_c;rosidl_typesupport_introspection_c
[0.122s] -- Using all available rosidl_typesupport_cpp: rosidl_typesupport_fastrtps_cpp;rosidl_typesupport_introspection_cpp
[0.152s] -- Found rmw_implementation_cmake: 6.1.2 (/opt/ros/humble/share/rmw_implementation_cmake/cmake)
[0.153s] -- Found rmw_fastrtps_cpp: 6.2.6 (/opt/ros/humble/share/rmw_fastrtps_cpp/cmake)
[0.218s] -- Using RMW implementation 'rmw_fastrtps_cpp' as default
[0.302s] -- Found geometry_msgs: 4.2.4 (/opt/ros/humble/share/geometry_msgs/cmake)
[0.325s] -- Found sensor_msgs: 4.2.4 (/opt/ros/humble/share/sensor_msgs/cmake)
[0.371s] -- Found custom_interfaces: 0.0.0 (/home/fourfold/dev/inmind sessions/inmind-session-9/session-9-assignment-firas/install/custom_interfaces/share/custom_interfaces/cmake)
[0.452s] -- Found rclcpp_action: 16.0.9 (/opt/ros/humble/share/rclcpp_action/cmake)
[0.471s] -- Found rclcpp_components: 16.0.9 (/opt/ros/humble/share/rclcpp_components/cmake)
[0.511s] -- Found ament_lint_auto: 0.12.11 (/opt/ros/humble/share/ament_lint_auto/cmake)
[0.551s] -- Added test 'cppcheck' to perform static code analysis on C / C++ code
[0.551s] -- Configured cppcheck include dirs: 
[0.551s] -- Configured cppcheck exclude dirs and/or files: 
[0.551s] -- Added test 'lint_cmake' to check CMake code style
[0.551s] -- Added test 'uncrustify' to check C / C++ code style
[0.551s] -- Configured uncrustify additional arguments: 
[0.551s] -- Added test 'xmllint' to check XML markup files
[0.552s] -- Configuring done
[0.559s] -- Generating done
[0.560s] -- Build files have been written to: /home/fourfold/dev/inmind sessions/inmind-session-9/session-9-assignment-firas/build/turtlebot_nav
[0.576s] [35m[1mConsolidate compiler generated dependencies of target find_closest_wall_server[0m
[0.576s] [35m[1mConsolidate compiler generated dependencies of target navigator_node[0m
[0.586s] [ 75%] Built target navigator_node
[0.586s] [ 75%] [32mBuilding CXX object CMakeFiles/find_closest_wall_server.dir/src/closest_wall_server.cpp.o[0m
[1.819s] [01m[K/home/fourfold/dev/inmind sessions/inmind-session-9/session-9-assignment-firas/src/turtlebot_nav/src/closest_wall_server.cpp:[m[K In member function ‘[01m[Kvoid ClosestWallServer::find_closest_wall_callback(std::shared_ptr<custom_interfaces::srv::FindClosestWall_Request_<std::allocator<void> > >, std::shared_ptr<custom_interfaces::srv::FindClosestWall_Response_<std::allocator<void> > >)[m[K’:
[1.819s] [01m[K/home/fourfold/dev/inmind sessions/inmind-session-9/session-9-assignment-firas/src/turtlebot_nav/src/closest_wall_server.cpp:23:124:[m[K [01;35m[Kwarning: [m[Kunused parameter ‘[01m[Krequest[m[K’ [[01;35m[K]8;;https://gcc.gnu.org/onlinedocs/gcc/Warning-Options.html#index-Wunused-parameter-Wunused-parameter]8;;[m[K]
[1.819s]    23 | void ClosestWallServer::find_closest_wall_callback([01;35m[Kconst std::shared_ptr<custom_interfaces::srv::FindClosestWall::Request> request[m[K,
[1.819s]       |                                                    [01;35m[K~~~~~~~~~~~~~~~~~~~~~~~~~~~~~~~~~~~~~~~~~~~~~~~~~~~~~~~~~~~~~~~~~~~~~~~~^~~~~~~[m[K
[5.335s] [100%] [32m[1mLinking CXX executable find_closest_wall_server[0m
[5.585s] [100%] Built target find_closest_wall_server
[5.594s] Invoked command in '/home/fourfold/dev/inmind sessions/inmind-session-9/session-9-assignment-firas/build/turtlebot_nav' returned '0': CMAKE_PREFIX_PATH=/home/fourfold/dev/inmind sessions/inmind-session-9/session-9-assignment-firas/install/custom_interfaces:/home/fourfold/dev/inmind sessions/inmind-session-9/session-9-assignment-firas/install/turtlebot_nav:/opt/ros/humble /usr/bin/cmake --build /home/fourfold/dev/inmind sessions/inmind-session-9/session-9-assignment-firas/build/turtlebot_nav -- -j16 -l16
[5.611s] Invoking command in '/home/fourfold/dev/inmind sessions/inmind-session-9/session-9-assignment-firas/build/turtlebot_nav': CMAKE_PREFIX_PATH=/home/fourfold/dev/inmind sessions/inmind-session-9/session-9-assignment-firas/install/custom_interfaces:/home/fourfold/dev/inmind sessions/inmind-session-9/session-9-assignment-firas/install/turtlebot_nav:/opt/ros/humble /usr/bin/cmake --install /home/fourfold/dev/inmind sessions/inmind-session-9/session-9-assignment-firas/build/turtlebot_nav
[5.615s] -- Install configuration: ""
[5.615s] -- Up-to-date: /home/fourfold/dev/inmind sessions/inmind-session-9/session-9-assignment-firas/install/turtlebot_nav/lib/turtlebot_nav/navigator_node
[5.615s] -- Installing: /home/fourfold/dev/inmind sessions/inmind-session-9/session-9-assignment-firas/install/turtlebot_nav/lib/turtlebot_nav/find_closest_wall_server
[5.618s] -- Set runtime path of "/home/fourfold/dev/inmind sessions/inmind-session-9/session-9-assignment-firas/install/turtlebot_nav/lib/turtlebot_nav/find_closest_wall_server" to ""
[5.618s] -- Installing: /home/fourfold/dev/inmind sessions/inmind-session-9/session-9-assignment-firas/install/turtlebot_nav/share/ament_index/resource_index/package_run_dependencies/turtlebot_nav
[5.618s] -- Up-to-date: /home/fourfold/dev/inmind sessions/inmind-session-9/session-9-assignment-firas/install/turtlebot_nav/share/ament_index/resource_index/parent_prefix_path/turtlebot_nav
[5.618s] -- Up-to-date: /home/fourfold/dev/inmind sessions/inmind-session-9/session-9-assignment-firas/install/turtlebot_nav/share/turtlebot_nav/environment/ament_prefix_path.sh
[5.618s] -- Installing: /home/fourfold/dev/inmind sessions/inmind-session-9/session-9-assignment-firas/install/turtlebot_nav/share/turtlebot_nav/environment/ament_prefix_path.dsv
[5.618s] -- Up-to-date: /home/fourfold/dev/inmind sessions/inmind-session-9/session-9-assignment-firas/install/turtlebot_nav/share/turtlebot_nav/environment/path.sh
[5.618s] -- Installing: /home/fourfold/dev/inmind sessions/inmind-session-9/session-9-assignment-firas/install/turtlebot_nav/share/turtlebot_nav/environment/path.dsv
[5.618s] -- Up-to-date: /home/fourfold/dev/inmind sessions/inmind-session-9/session-9-assignment-firas/install/turtlebot_nav/share/turtlebot_nav/local_setup.bash
[5.618s] -- Up-to-date: /home/fourfold/dev/inmind sessions/inmind-session-9/session-9-assignment-firas/install/turtlebot_nav/share/turtlebot_nav/local_setup.sh
[5.618s] -- Up-to-date: /home/fourfold/dev/inmind sessions/inmind-session-9/session-9-assignment-firas/install/turtlebot_nav/share/turtlebot_nav/local_setup.zsh
[5.618s] -- Installing: /home/fourfold/dev/inmind sessions/inmind-session-9/session-9-assignment-firas/install/turtlebot_nav/share/turtlebot_nav/local_setup.dsv
[5.618s] -- Installing: /home/fourfold/dev/inmind sessions/inmind-session-9/session-9-assignment-firas/install/turtlebot_nav/share/turtlebot_nav/package.dsv
[5.618s] -- Up-to-date: /home/fourfold/dev/inmind sessions/inmind-session-9/session-9-assignment-firas/install/turtlebot_nav/share/ament_index/resource_index/packages/turtlebot_nav
[5.618s] -- Up-to-date: /home/fourfold/dev/inmind sessions/inmind-session-9/session-9-assignment-firas/install/turtlebot_nav/share/turtlebot_nav/cmake/turtlebot_navConfig.cmake
[5.618s] -- Up-to-date: /home/fourfold/dev/inmind sessions/inmind-session-9/session-9-assignment-firas/install/turtlebot_nav/share/turtlebot_nav/cmake/turtlebot_navConfig-version.cmake
[5.618s] -- Installing: /home/fourfold/dev/inmind sessions/inmind-session-9/session-9-assignment-firas/install/turtlebot_nav/share/turtlebot_nav/package.xml
[5.619s] Invoked command in '/home/fourfold/dev/inmind sessions/inmind-session-9/session-9-assignment-firas/build/turtlebot_nav' returned '0': CMAKE_PREFIX_PATH=/home/fourfold/dev/inmind sessions/inmind-session-9/session-9-assignment-firas/install/custom_interfaces:/home/fourfold/dev/inmind sessions/inmind-session-9/session-9-assignment-firas/install/turtlebot_nav:/opt/ros/humble /usr/bin/cmake --install /home/fourfold/dev/inmind sessions/inmind-session-9/session-9-assignment-firas/build/turtlebot_nav
