[0.005s] Invoking command in '/home/fourfold/dev/inmind sessions/inmind-session-9/session-9-assignment-firas/build/turtlebot_nav': CMAKE_PREFIX_PATH=/home/fourfold/dev/inmind sessions/inmind-session-9/session-9-assignment-firas/install/custom_interfaces:/home/fourfold/dev/inmind sessions/inmind-session-9/session-9-assignment-firas/install/turtlebot_nav:/opt/ros/humble /usr/bin/cmake --build /home/fourfold/dev/inmind sessions/inmind-session-9/session-9-assignment-firas/build/turtlebot_nav -- -j16 -l16
[0.033s] [35m[1mConsolidate compiler generated dependencies of target find_closest_wall_server[0m
[0.043s] [ 25%] [32mBuilding CXX object CMakeFiles/navigator_node.dir/src/navigator.cpp.o[0m
[0.044s] [ 75%] Built target find_closest_wall_server
[5.453s] [100%] [32m[1mLinking CXX executable navigator_node[0m
[5.733s] [100%] Built target navigator_node
[5.743s] Invoked command in '/home/fourfold/dev/inmind sessions/inmind-session-9/session-9-assignment-firas/build/turtlebot_nav' returned '0': CMAKE_PREFIX_PATH=/home/fourfold/dev/inmind sessions/inmind-session-9/session-9-assignment-firas/install/custom_interfaces:/home/fourfold/dev/inmind sessions/inmind-session-9/session-9-assignment-firas/install/turtlebot_nav:/opt/ros/humble /usr/bin/cmake --build /home/fourfold/dev/inmind sessions/inmind-session-9/session-9-assignment-firas/build/turtlebot_nav -- -j16 -l16
[5.760s] Invoking command in '/home/fourfold/dev/inmind sessions/inmind-session-9/session-9-assignment-firas/build/turtlebot_nav': CMAKE_PREFIX_PATH=/home/fourfold/dev/inmind sessions/inmind-session-9/session-9-assignment-firas/install/custom_interfaces:/home/fourfold/dev/inmind sessions/inmind-session-9/session-9-assignment-firas/install/turtlebot_nav:/opt/ros/humble /usr/bin/cmake --install /home/fourfold/dev/inmind sessions/inmind-session-9/session-9-assignment-firas/build/turtlebot_nav
[5.765s] -- Install configuration: ""
[5.765s] -- Installing: /home/fourfold/dev/inmind sessions/inmind-session-9/session-9-assignment-firas/install/turtlebot_nav/lib/turtlebot_nav/navigator_node
[5.768s] -- Set runtime path of "/home/fourfold/dev/inmind sessions/inmind-session-9/session-9-assignment-firas/install/turtlebot_nav/lib/turtlebot_nav/navigator_node" to ""
[5.768s] -- Up-to-date: /home/fourfold/dev/inmind sessions/inmind-session-9/session-9-assignment-firas/install/turtlebot_nav/lib/turtlebot_nav/find_closest_wall_server
[5.768s] -- Up-to-date: /home/fourfold/dev/inmind sessions/inmind-session-9/session-9-assignment-firas/install/turtlebot_nav/share/ament_index/resource_index/package_run_dependencies/turtlebot_nav
[5.768s] -- Up-to-date: /home/fourfold/dev/inmind sessions/inmind-session-9/session-9-assignment-firas/install/turtlebot_nav/share/ament_index/resource_index/parent_prefix_path/turtlebot_nav
[5.768s] -- Up-to-date: /home/fourfold/dev/inmind sessions/inmind-session-9/session-9-assignment-firas/install/turtlebot_nav/share/turtlebot_nav/environment/ament_prefix_path.sh
[5.768s] -- Up-to-date: /home/fourfold/dev/inmind sessions/inmind-session-9/session-9-assignment-firas/install/turtlebot_nav/share/turtlebot_nav/environment/ament_prefix_path.dsv
[5.768s] -- Up-to-date: /home/fourfold/dev/inmind sessions/inmind-session-9/session-9-assignment-firas/install/turtlebot_nav/share/turtlebot_nav/environment/path.sh
[5.768s] -- Up-to-date: /home/fourfold/dev/inmind sessions/inmind-session-9/session-9-assignment-firas/install/turtlebot_nav/share/turtlebot_nav/environment/path.dsv
[5.768s] -- Up-to-date: /home/fourfold/dev/inmind sessions/inmind-session-9/session-9-assignment-firas/install/turtlebot_nav/share/turtlebot_nav/local_setup.bash
[5.768s] -- Up-to-date: /home/fourfold/dev/inmind sessions/inmind-session-9/session-9-assignment-firas/install/turtlebot_nav/share/turtlebot_nav/local_setup.sh
[5.768s] -- Up-to-date: /home/fourfold/dev/inmind sessions/inmind-session-9/session-9-assignment-firas/install/turtlebot_nav/share/turtlebot_nav/local_setup.zsh
[5.768s] -- Up-to-date: /home/fourfold/dev/inmind sessions/inmind-session-9/session-9-assignment-firas/install/turtlebot_nav/share/turtlebot_nav/local_setup.dsv
[5.768s] -- Installing: /home/fourfold/dev/inmind sessions/inmind-session-9/session-9-assignment-firas/install/turtlebot_nav/share/turtlebot_nav/package.dsv
[5.768s] -- Up-to-date: /home/fourfold/dev/inmind sessions/inmind-session-9/session-9-assignment-firas/install/turtlebot_nav/share/ament_index/resource_index/packages/turtlebot_nav
[5.769s] -- Up-to-date: /home/fourfold/dev/inmind sessions/inmind-session-9/session-9-assignment-firas/install/turtlebot_nav/share/turtlebot_nav/cmake/turtlebot_navConfig.cmake
[5.769s] -- Up-to-date: /home/fourfold/dev/inmind sessions/inmind-session-9/session-9-assignment-firas/install/turtlebot_nav/share/turtlebot_nav/cmake/turtlebot_navConfig-version.cmake
[5.769s] -- Up-to-date: /home/fourfold/dev/inmind sessions/inmind-session-9/session-9-assignment-firas/install/turtlebot_nav/share/turtlebot_nav/package.xml
[5.770s] Invoked command in '/home/fourfold/dev/inmind sessions/inmind-session-9/session-9-assignment-firas/build/turtlebot_nav' returned '0': CMAKE_PREFIX_PATH=/home/fourfold/dev/inmind sessions/inmind-session-9/session-9-assignment-firas/install/custom_interfaces:/home/fourfold/dev/inmind sessions/inmind-session-9/session-9-assignment-firas/install/turtlebot_nav:/opt/ros/humble /usr/bin/cmake --install /home/fourfold/dev/inmind sessions/inmind-session-9/session-9-assignment-firas/build/turtlebot_nav
