In file included from [01m[K/usr/include/c++/11/ext/alloc_traits.h:34[m[K,
                 from [01m[K/usr/include/c++/11/bits/stl_uninitialized.h:64[m[K,
                 from [01m[K/usr/include/c++/11/memory:66[m[K,
                 from [01m[K/home/fourfold/dev/inmind sessions/inmind-session-9/session-9-assignment-firas/src/turtlebot_nav/src/lap_time_server.h:1[m[K,
                 from [01m[K/home/fourfold/dev/inmind sessions/inmind-session-9/session-9-assignment-firas/src/turtlebot_nav/src/lap_time_server.cpp:1[m[K:
/usr/include/c++/11/bits/alloc_traits.h: In instantiation of ‘[01m[Kstruct std::allocator_traits<void>[m[K’:
[01m[K/opt/ros/humble/include/rclcpp/rclcpp/subscription_options.hpp:94:10:[m[K   required from ‘[01m[Kstruct rclcpp::SubscriptionOptionsWithAllocator<void>[m[K’
[01m[K/home/fourfold/dev/inmind sessions/inmind-session-9/session-9-assignment-firas/src/turtlebot_nav/src/lap_time_server.cpp:20:80:[m[K   required from here
[01m[K/usr/include/c++/11/bits/alloc_traits.h:95:43:[m[K [01;31m[Kerror: [m[K‘[01m[Kvoid[m[K’ is not a class, struct, or union type
   95 |       typedef typename _Alloc::value_type [01;31m[Kvalue_type[m[K;
      |                                           [01;31m[K^~~~~~~~~~[m[K
[01m[K/usr/include/c++/11/bits/alloc_traits.h:102:13:[m[K [01;31m[Kerror: [m[K‘[01m[Kvoid[m[K’ is not a class, struct, or union type
  102 |       using [01;31m[Kpointer[m[K = __detected_or_t<value_type*, __pointer, _Alloc>;
      |             [01;31m[K^~~~~~~[m[K
[01m[K/usr/include/c++/11/bits/alloc_traits.h:142:13:[m[K [01;31m[Kerror: [m[K‘[01m[Kvoid[m[K’ is not a class, struct, or union type
  142 |       using [01;31m[Kconst_pointer[m[K = typename _Ptr<__c_pointer, const value_type>::type;
      |             [01;31m[K^~~~~~~~~~~~~[m[K
/usr/include/c++/11/bits/alloc_traits.h: In instantiation of ‘[01m[Kstruct std::allocator_traits<void>::_Ptr<std::__allocator_traits_base::__v_pointer, void, void>[m[K’:
[01m[K/usr/include/c++/11/bits/alloc_traits.h:150:13:[m[K   required from ‘[01m[Kstruct std::allocator_traits<void>[m[K’
[01m[K/opt/ros/humble/include/rclcpp/rclcpp/subscription_options.hpp:94:10:[m[K   required from ‘[01m[Kstruct rclcpp::SubscriptionOptionsWithAllocator<void>[m[K’
[01m[K/home/fourfold/dev/inmind sessions/inmind-session-9/session-9-assignment-firas/src/turtlebot_nav/src/lap_time_server.cpp:20:80:[m[K   required from here
[01m[K/usr/include/c++/11/bits/alloc_traits.h:109:17:[m[K [01;31m[Kerror: [m[K‘[01m[Kvoid[m[K’ is not a class, struct, or union type
  109 |           using [01;31m[Ktype[m[K = typename pointer_traits<pointer>::template rebind<_Tp>;
      |                 [01;31m[K^~~~[m[K
/usr/include/c++/11/bits/alloc_traits.h: In instantiation of ‘[01m[Kstruct std::allocator_traits<void>::_Ptr<std::__allocator_traits_base::__cv_pointer, const void, void>[m[K’:
[01m[K/usr/include/c++/11/bits/alloc_traits.h:158:13:[m[K   required from ‘[01m[Kstruct std::allocator_traits<void>[m[K’
[01m[K/opt/ros/humble/include/rclcpp/rclcpp/subscription_options.hpp:94:10:[m[K   required from ‘[01m[Kstruct rclcpp::SubscriptionOptionsWithAllocator<void>[m[K’
[01m[K/home/fourfold/dev/inmind sessions/inmind-session-9/session-9-assignment-firas/src/turtlebot_nav/src/lap_time_server.cpp:20:80:[m[K   required from here
[01m[K/usr/include/c++/11/bits/alloc_traits.h:109:17:[m[K [01;31m[Kerror: [m[K‘[01m[Kvoid[m[K’ is not a class, struct, or union type
/usr/include/c++/11/bits/alloc_traits.h: In instantiation of ‘[01m[Kstruct std::allocator_traits<void>[m[K’:
[01m[K/opt/ros/humble/include/rclcpp/rclcpp/subscription_options.hpp:94:10:[m[K   required from ‘[01m[Kstruct rclcpp::SubscriptionOptionsWithAllocator<void>[m[K’
[01m[K/home/fourfold/dev/inmind sessions/inmind-session-9/session-9-assignment-firas/src/turtlebot_nav/src/lap_time_server.cpp:20:80:[m[K   required from here
[01m[K/usr/include/c++/11/bits/alloc_traits.h:166:13:[m[K [01;31m[Kerror: [m[K‘[01m[Kvoid[m[K’ is not a class, struct, or union type
  166 |       using [01;31m[Kdifference_type[m[K = typename _Diff<_Alloc, pointer>::type;
      |             [01;31m[K^~~~~~~~~~~~~~~[m[K
[01m[K/usr/include/c++/11/bits/alloc_traits.h:174:13:[m[K [01;31m[Kerror: [m[K‘[01m[Kvoid[m[K’ is not a class, struct, or union type
  174 |       using [01;31m[Ksize_type[m[K = typename _Size<_Alloc, difference_type>::type;
      |             [01;31m[K^~~~~~~~~[m[K
[01m[K/usr/include/c++/11/bits/alloc_traits.h:249:9:[m[K [01;31m[Kerror: [m[Kforming reference to void
  249 |         [01;31m[K_S_construct[m[K(_Alloc& __a, _Tp* __p, _Args&&... __args)
      |         [01;31m[K^~~~~~~~~~~~[m[K
[01m[K/usr/include/c++/11/bits/alloc_traits.h:257:9:[m[K [01;31m[Kerror: [m[Kforming reference to void
  257 |         [01;31m[K_S_construct[m[K(_Alloc&, _Tp* __p, _Args&&... __args)
      |         [01;31m[K^~~~~~~~~~~~[m[K
[01m[K/usr/include/c++/11/bits/alloc_traits.h:360:9:[m[K [01;31m[Kerror: [m[Kforming reference to void
  360 |         [01;31m[Kconstruct[m[K(_Alloc& __a, _Tp* __p, _Args&&... __args)
      |         [01;31m[K^~~~~~~~~[m[K
[01m[K/usr/include/c++/11/bits/alloc_traits.h:376:9:[m[K [01;31m[Kerror: [m[Kforming reference to void
  376 |         [01;31m[Kdestroy[m[K(_Alloc& __a, _Tp* __p)
      |         [01;31m[K^~~~~~~[m[K
[01m[K/usr/include/c++/11/bits/alloc_traits.h:401:7:[m[K [01;31m[Kerror: [m[Kforming reference to void
  401 |       [01;31m[Kselect_on_container_copy_construction[m[K(const _Alloc& __rhs)
      |       [01;31m[K^~~~~~~~~~~~~~~~~~~~~~~~~~~~~~~~~~~~~[m[K
/usr/include/c++/11/bits/alloc_traits.h: In substitution of ‘[01m[Ktemplate<class _Alloc, class _Up> using __alloc_rebind = typename std::__allocator_traits_base::__rebind<_Alloc, _Up>::type [with _Alloc = void; _Up = char][m[K’:
[01m[K/usr/include/c++/11/bits/alloc_traits.h:213:8:[m[K   required by substitution of ‘[01m[Ktemplate<class _Alloc> template<class _Tp> using rebind_alloc = std::__alloc_rebind<_Alloc, _Tp> [with _Tp = char; _Alloc = void][m[K’
[01m[K/opt/ros/humble/include/rclcpp/rclcpp/subscription_options.hpp:160:9:[m[K   required from ‘[01m[Kstruct rclcpp::SubscriptionOptionsWithAllocator<void>[m[K’
[01m[K/home/fourfold/dev/inmind sessions/inmind-session-9/session-9-assignment-firas/src/turtlebot_nav/src/lap_time_server.cpp:20:80:[m[K   required from here
[01m[K/usr/include/c++/11/bits/alloc_traits.h:79:11:[m[K [01;31m[Kerror: [m[Kno type named ‘[01m[Ktype[m[K’ in ‘[01m[Kstruct std::__allocator_traits_base::__rebind<void, char, void>[m[K’
   79 |     using [01;31m[K__alloc_rebind[m[K
      |           [01;31m[K^~~~~~~~~~~~~~[m[K
/usr/include/c++/11/bits/alloc_traits.h: In substitution of ‘[01m[Ktemplate<class _Alloc> template<class _Tp> using rebind_traits = std::allocator_traits<typename std::__allocator_traits_base::__rebind<_Alloc, _Tp, void>::type> [with _Tp = nav_msgs::msg::Odometry_<std::allocator<void> >; _Alloc = void][m[K’:
[01m[K/opt/ros/humble/include/rclcpp/rclcpp/allocator/allocator_common.hpp:31:7:[m[K   required by substitution of ‘[01m[Ktemplate<class T, class Alloc> using AllocRebind = typename std::allocator_traits<_Allocator>::rebind_traits<T> [with T = nav_msgs::msg::Odometry_<std::allocator<void> >; Alloc = void][m[K’
[01m[K/opt/ros/humble/include/rclcpp/rclcpp/subscription.hpp:85:9:[m[K   required from ‘[01m[Kclass rclcpp::Subscription<nav_msgs::msg::Odometry_<std::allocator<void> >, void, nav_msgs::msg::Odometry_<std::allocator<void> >, nav_msgs::msg::Odometry_<std::allocator<void> >, rclcpp::message_memory_strategy::MessageMemoryStrategy<nav_msgs::msg::Odometry_<std::allocator<void> >, void> >[m[K’
[01m[K/opt/ros/humble/include/rclcpp/rclcpp/node.hpp:216:5:[m[K   required by substitution of ‘[01m[Ktemplate<class MessageT, class CallbackT, class AllocatorT, class SubscriptionT, class MessageMemoryStrategyT> std::shared_ptr<ROSMessageT> rclcpp::Node::create_subscription(const string&, const rclcpp::QoS&, CallbackT&&, const rclcpp::SubscriptionOptionsWithAllocator<AllocatorT>&, typename MessageMemoryStrategyT::SharedPtr) [with MessageT = nav_msgs::msg::Odometry_<std::allocator<void> >; CallbackT = std::_Bind<void (LapTimeServer::*(LapTimeServer*, std::_Placeholder<1>))(const nav_msgs::msg::Odometry_<std::allocator<void> >&)>; AllocatorT = void; SubscriptionT = rclcpp::Subscription<nav_msgs::msg::Odometry_<std::allocator<void> >, void, nav_msgs::msg::Odometry_<std::allocator<void> >, nav_msgs::msg::Odometry_<std::allocator<void> >, rclcpp::message_memory_strategy::MessageMemoryStrategy<nav_msgs::msg::Odometry_<std::allocator<void> >, void> >; MessageMemoryStrategyT = <missing>][m[K’
[01m[K/home/fourfold/dev/inmind sessions/inmind-session-9/session-9-assignment-firas/src/turtlebot_nav/src/lap_time_server.cpp:23:9:[m[K   required from here
[01m[K/usr/include/c++/11/bits/alloc_traits.h:215:15:[m[K [01;31m[Kerror: [m[Kno type named ‘[01m[Ktype[m[K’ in ‘[01m[Kstruct std::__allocator_traits_base::__rebind<void, nav_msgs::msg::Odometry_<std::allocator<void> >, void>[m[K’
  215 |         using [01;31m[Krebind_traits[m[K = allocator_traits<rebind_alloc<_Tp>>;
      |               [01;31m[K^~~~~~~~~~~~~[m[K
/usr/include/c++/11/bits/alloc_traits.h: In substitution of ‘[01m[Ktemplate<class _Alloc> template<class _Tp> using rebind_traits = std::allocator_traits<typename std::__allocator_traits_base::__rebind<_Alloc, _Tp, void>::type> [with _Tp = rclcpp::SerializedMessage; _Alloc = void][m[K’:
[01m[K/opt/ros/humble/include/rclcpp/rclcpp/allocator/allocator_common.hpp:31:7:[m[K   required by substitution of ‘[01m[Ktemplate<class T, class Alloc> using AllocRebind = typename std::allocator_traits<_Allocator>::rebind_traits<T> [with T = rclcpp::SerializedMessage; Alloc = void][m[K’
[01m[K/opt/ros/humble/include/rclcpp/rclcpp/message_memory_strategy.hpp:50:9:[m[K   required from ‘[01m[Kclass rclcpp::message_memory_strategy::MessageMemoryStrategy<nav_msgs::msg::Odometry_<std::allocator<void> >, void>[m[K’
[01m[K/opt/ros/humble/include/rclcpp/rclcpp/subscription.hpp:130:3:[m[K   required from ‘[01m[Kclass rclcpp::Subscription<nav_msgs::msg::Odometry_<std::allocator<void> >, void, nav_msgs::msg::Odometry_<std::allocator<void> >, nav_msgs::msg::Odometry_<std::allocator<void> >, rclcpp::message_memory_strategy::MessageMemoryStrategy<nav_msgs::msg::Odometry_<std::allocator<void> >, void> >[m[K’
[01m[K/opt/ros/humble/include/rclcpp/rclcpp/node.hpp:216:5:[m[K   required by substitution of ‘[01m[Ktemplate<class MessageT, class CallbackT, class AllocatorT, class SubscriptionT, class MessageMemoryStrategyT> std::shared_ptr<ROSMessageT> rclcpp::Node::create_subscription(const string&, const rclcpp::QoS&, CallbackT&&, const rclcpp::SubscriptionOptionsWithAllocator<AllocatorT>&, typename MessageMemoryStrategyT::SharedPtr) [with MessageT = nav_msgs::msg::Odometry_<std::allocator<void> >; CallbackT = std::_Bind<void (LapTimeServer::*(LapTimeServer*, std::_Placeholder<1>))(const nav_msgs::msg::Odometry_<std::allocator<void> >&)>; AllocatorT = void; SubscriptionT = rclcpp::Subscription<nav_msgs::msg::Odometry_<std::allocator<void> >, void, nav_msgs::msg::Odometry_<std::allocator<void> >, nav_msgs::msg::Odometry_<std::allocator<void> >, rclcpp::message_memory_strategy::MessageMemoryStrategy<nav_msgs::msg::Odometry_<std::allocator<void> >, void> >; MessageMemoryStrategyT = <missing>][m[K’
[01m[K/home/fourfold/dev/inmind sessions/inmind-session-9/session-9-assignment-firas/src/turtlebot_nav/src/lap_time_server.cpp:23:9:[m[K   required from here
[01m[K/usr/include/c++/11/bits/alloc_traits.h:215:15:[m[K [01;31m[Kerror: [m[Kno type named ‘[01m[Ktype[m[K’ in ‘[01m[Kstruct std::__allocator_traits_base::__rebind<void, rclcpp::SerializedMessage, void>[m[K’
/usr/include/c++/11/bits/alloc_traits.h: In substitution of ‘[01m[Ktemplate<class _Alloc> template<class _Tp> using rebind_traits = std::allocator_traits<typename std::__allocator_traits_base::__rebind<_Alloc, _Tp, void>::type> [with _Tp = char; _Alloc = void][m[K’:
[01m[K/opt/ros/humble/include/rclcpp/rclcpp/allocator/allocator_common.hpp:31:7:[m[K   required by substitution of ‘[01m[Ktemplate<class T, class Alloc> using AllocRebind = typename std::allocator_traits<_Allocator>::rebind_traits<T> [with T = char; Alloc = void][m[K’
[01m[K/opt/ros/humble/include/rclcpp/rclcpp/message_memory_strategy.hpp:55:9:[m[K   required from ‘[01m[Kclass rclcpp::message_memory_strategy::MessageMemoryStrategy<nav_msgs::msg::Odometry_<std::allocator<void> >, void>[m[K’
[01m[K/opt/ros/humble/include/rclcpp/rclcpp/subscription.hpp:130:3:[m[K   required from ‘[01m[Kclass rclcpp::Subscription<nav_msgs::msg::Odometry_<std::allocator<void> >, void, nav_msgs::msg::Odometry_<std::allocator<void> >, nav_msgs::msg::Odometry_<std::allocator<void> >, rclcpp::message_memory_strategy::MessageMemoryStrategy<nav_msgs::msg::Odometry_<std::allocator<void> >, void> >[m[K’
[01m[K/opt/ros/humble/include/rclcpp/rclcpp/node.hpp:216:5:[m[K   required by substitution of ‘[01m[Ktemplate<class MessageT, class CallbackT, class AllocatorT, class SubscriptionT, class MessageMemoryStrategyT> std::shared_ptr<ROSMessageT> rclcpp::Node::create_subscription(const string&, const rclcpp::QoS&, CallbackT&&, const rclcpp::SubscriptionOptionsWithAllocator<AllocatorT>&, typename MessageMemoryStrategyT::SharedPtr) [with MessageT = nav_msgs::msg::Odometry_<std::allocator<void> >; CallbackT = std::_Bind<void (LapTimeServer::*(LapTimeServer*, std::_Placeholder<1>))(const nav_msgs::msg::Odometry_<std::allocator<void> >&)>; AllocatorT = void; SubscriptionT = rclcpp::Subscription<nav_msgs::msg::Odometry_<std::allocator<void> >, void, nav_msgs::msg::Odometry_<std::allocator<void> >, nav_msgs::msg::Odometry_<std::allocator<void> >, rclcpp::message_memory_strategy::MessageMemoryStrategy<nav_msgs::msg::Odometry_<std::allocator<void> >, void> >; MessageMemoryStrategyT = <missing>][m[K’
[01m[K/home/fourfold/dev/inmind sessions/inmind-session-9/session-9-assignment-firas/src/turtlebot_nav/src/lap_time_server.cpp:23:9:[m[K   required from here
[01m[K/usr/include/c++/11/bits/alloc_traits.h:215:15:[m[K [01;31m[Kerror: [m[Kno type named ‘[01m[Ktype[m[K’ in ‘[01m[Kstruct std::__allocator_traits_base::__rebind<void, char, void>[m[K’
In file included from [01m[K/opt/ros/humble/include/rclcpp/rclcpp/subscription_base.hpp:32[m[K,
                 from [01m[K/opt/ros/humble/include/rclcpp/rclcpp/callback_group.hpp:29[m[K,
                 from [01m[K/opt/ros/humble/include/rclcpp/rclcpp/any_executable.hpp:20[m[K,
                 from [01m[K/opt/ros/humble/include/rclcpp/rclcpp/memory_strategy.hpp:25[m[K,
                 from [01m[K/opt/ros/humble/include/rclcpp/rclcpp/memory_strategies.hpp:18[m[K,
                 from [01m[K/opt/ros/humble/include/rclcpp/rclcpp/executor_options.hpp:20[m[K,
                 from [01m[K/opt/ros/humble/include/rclcpp/rclcpp/executor.hpp:37[m[K,
                 from [01m[K/opt/ros/humble/include/rclcpp/rclcpp/executors/multi_threaded_executor.hpp:25[m[K,
                 from [01m[K/opt/ros/humble/include/rclcpp/rclcpp/executors.hpp:21[m[K,
                 from [01m[K/opt/ros/humble/include/rclcpp/rclcpp/rclcpp.hpp:155[m[K,
                 from [01m[K/home/fourfold/dev/inmind sessions/inmind-session-9/session-9-assignment-firas/src/turtlebot_nav/src/lap_time_server.h:7[m[K,
                 from [01m[K/home/fourfold/dev/inmind sessions/inmind-session-9/session-9-assignment-firas/src/turtlebot_nav/src/lap_time_server.cpp:1[m[K:
/opt/ros/humble/include/rclcpp/rclcpp/any_subscription_callback.hpp: In instantiation of ‘[01m[Kclass rclcpp::AnySubscriptionCallback<nav_msgs::msg::Odometry_<std::allocator<void> >, void>[m[K’:
[01m[K/opt/ros/humble/include/rclcpp/rclcpp/subscription.hpp:423:49:[m[K   required from ‘[01m[Kclass rclcpp::Subscription<nav_msgs::msg::Odometry_<std::allocator<void> >, void, nav_msgs::msg::Odometry_<std::allocator<void> >, nav_msgs::msg::Odometry_<std::allocator<void> >, rclcpp::message_memory_strategy::MessageMemoryStrategy<nav_msgs::msg::Odometry_<std::allocator<void> >, void> >[m[K’
[01m[K/opt/ros/humble/include/rclcpp/rclcpp/node.hpp:216:5:[m[K   required by substitution of ‘[01m[Ktemplate<class MessageT, class CallbackT, class AllocatorT, class SubscriptionT, class MessageMemoryStrategyT> std::shared_ptr<ROSMessageT> rclcpp::Node::create_subscription(const string&, const rclcpp::QoS&, CallbackT&&, const rclcpp::SubscriptionOptionsWithAllocator<AllocatorT>&, typename MessageMemoryStrategyT::SharedPtr) [with MessageT = nav_msgs::msg::Odometry_<std::allocator<void> >; CallbackT = std::_Bind<void (LapTimeServer::*(LapTimeServer*, std::_Placeholder<1>))(const nav_msgs::msg::Odometry_<std::allocator<void> >&)>; AllocatorT = void; SubscriptionT = rclcpp::Subscription<nav_msgs::msg::Odometry_<std::allocator<void> >, void, nav_msgs::msg::Odometry_<std::allocator<void> >, nav_msgs::msg::Odometry_<std::allocator<void> >, rclcpp::message_memory_strategy::MessageMemoryStrategy<nav_msgs::msg::Odometry_<std::allocator<void> >, void> >; MessageMemoryStrategyT = <missing>][m[K’
[01m[K/home/fourfold/dev/inmind sessions/inmind-session-9/session-9-assignment-firas/src/turtlebot_nav/src/lap_time_server.cpp:23:9:[m[K   required from here
[01m[K/opt/ros/humble/include/rclcpp/rclcpp/any_subscription_callback.hpp:349:3:[m[K [01;31m[Kerror: [m[Kforming reference to void
  349 |   [01;31m[KAnySubscriptionCallback[m[K(const AllocatorT & allocator = AllocatorT())  // NOLINT[runtime/explicit]
      |   [01;31m[K^~~~~~~~~~~~~~~~~~~~~~~[m[K
[01m[K/home/fourfold/dev/inmind sessions/inmind-session-9/session-9-assignment-firas/src/turtlebot_nav/src/lap_time_server.cpp:[m[K In constructor ‘[01m[KLapTimeServer::LapTimeServer()[m[K’:
[01m[K/home/fourfold/dev/inmind sessions/inmind-session-9/session-9-assignment-firas/src/turtlebot_nav/src/lap_time_server.cpp:27:5:[m[K [01;31m[Kerror: [m[Kno match for ‘[01m[Koperator=[m[K’ (operand types are ‘[01m[Krclcpp::Subscription<nav_msgs::msg::Odometry_<std::allocator<void> > >::SharedPtr[m[K’ {aka ‘[01m[Kstd::shared_ptr<rclcpp::Subscription<nav_msgs::msg::Odometry_<std::allocator<void> > > >[m[K’} and ‘[01m[Kstd::shared_ptr<rclcpp::Subscription<nav_msgs::msg::Odometry_<std::allocator<void> >, void, nav_msgs::msg::Odometry_<std::allocator<void> >, nav_msgs::msg::Odometry_<std::allocator<void> >, rclcpp::message_memory_strategy::MessageMemoryStrategy<nav_msgs::msg::Odometry_<std::allocator<void> >, void> > >[m[K’)
   27 |     [01;31m[K)[m[K;
      |     [01;31m[K^[m[K
In file included from [01m[K/usr/include/c++/11/memory:77[m[K,
                 from [01m[K/home/fourfold/dev/inmind sessions/inmind-session-9/session-9-assignment-firas/src/turtlebot_nav/src/lap_time_server.h:1[m[K,
                 from [01m[K/home/fourfold/dev/inmind sessions/inmind-session-9/session-9-assignment-firas/src/turtlebot_nav/src/lap_time_server.cpp:1[m[K:
[01m[K/usr/include/c++/11/bits/shared_ptr.h:363:9:[m[K [01;36m[Knote: [m[Kcandidate: ‘[01m[Ktemplate<class _Yp> std::shared_ptr<_Tp>::_Assignable<const std::shared_ptr<_Yp>&> std::shared_ptr<_Tp>::operator=(const std::shared_ptr<_Yp>&) [with _Yp = _Yp; _Tp = rclcpp::Subscription<nav_msgs::msg::Odometry_<std::allocator<void> > >][m[K’
  363 |         [01;36m[Koperator[m[K=(const shared_ptr<_Yp>& __r) noexcept
      |         [01;36m[K^~~~~~~~[m[K
[01m[K/usr/include/c++/11/bits/shared_ptr.h:363:9:[m[K [01;36m[Knote: [m[K  template argument deduction/substitution failed:
/usr/include/c++/11/bits/shared_ptr.h: In substitution of ‘[01m[Ktemplate<class _Tp> template<class _Arg> using _Assignable = typename std::enable_if<std::is_assignable<std::__shared_ptr<_Tp>&, _Arg>::value, std::shared_ptr<_Tp>&>::type [with _Arg = const std::shared_ptr<rclcpp::Subscription<nav_msgs::msg::Odometry_<std::allocator<void> >, void, nav_msgs::msg::Odometry_<std::allocator<void> >, nav_msgs::msg::Odometry_<std::allocator<void> >, rclcpp::message_memory_strategy::MessageMemoryStrategy<nav_msgs::msg::Odometry_<std::allocator<void> >, void> > >&; _Tp = rclcpp::Subscription<nav_msgs::msg::Odometry_<std::allocator<void> > >][m[K’:
[01m[K/usr/include/c++/11/bits/shared_ptr.h:363:2:[m[K   required by substitution of ‘[01m[Ktemplate<class _Yp> std::shared_ptr<rclcpp::Subscription<nav_msgs::msg::Odometry_<std::allocator<void> > > >::_Assignable<const std::shared_ptr<_Tp>&> std::shared_ptr<rclcpp::Subscription<nav_msgs::msg::Odometry_<std::allocator<void> > > >::operator=<_Yp>(const std::shared_ptr<_Tp>&) [with _Yp = rclcpp::Subscription<nav_msgs::msg::Odometry_<std::allocator<void> >, void, nav_msgs::msg::Odometry_<std::allocator<void> >, nav_msgs::msg::Odometry_<std::allocator<void> >, rclcpp::message_memory_strategy::MessageMemoryStrategy<nav_msgs::msg::Odometry_<std::allocator<void> >, void> >][m[K’
[01m[K/home/fourfold/dev/inmind sessions/inmind-session-9/session-9-assignment-firas/src/turtlebot_nav/src/lap_time_server.cpp:27:5:[m[K   required from here
[01m[K/usr/include/c++/11/bits/shared_ptr.h:130:15:[m[K [01;31m[Kerror: [m[Kno type named ‘[01m[Ktype[m[K’ in ‘[01m[Kstruct std::enable_if<false, std::shared_ptr<rclcpp::Subscription<nav_msgs::msg::Odometry_<std::allocator<void> > > >&>[m[K’
  130 |         using [01;31m[K_Assignable[m[K = typename enable_if<
      |               [01;31m[K^~~~~~~~~~~[m[K
[01m[K/usr/include/c++/11/bits/shared_ptr.h:374:9:[m[K [01;36m[Knote: [m[Kcandidate: ‘[01m[Ktemplate<class _Yp> std::shared_ptr<_Tp>::_Assignable<std::auto_ptr<_Up> > std::shared_ptr<_Tp>::operator=(std::auto_ptr<_Up>&&) [with _Yp = _Yp; _Tp = rclcpp::Subscription<nav_msgs::msg::Odometry_<std::allocator<void> > >][m[K’
  374 |         [01;36m[Koperator[m[K=(auto_ptr<_Yp>&& __r)
      |         [01;36m[K^~~~~~~~[m[K
[01m[K/usr/include/c++/11/bits/shared_ptr.h:374:9:[m[K [01;36m[Knote: [m[K  template argument deduction/substitution failed:
[01m[K/home/fourfold/dev/inmind sessions/inmind-session-9/session-9-assignment-firas/src/turtlebot_nav/src/lap_time_server.cpp:27:5:[m[K [01;36m[Knote: [m[K  ‘[01m[Kstd::shared_ptr<rclcpp::Subscription<nav_msgs::msg::Odometry_<std::allocator<void> >, void, nav_msgs::msg::Odometry_<std::allocator<void> >, nav_msgs::msg::Odometry_<std::allocator<void> >, rclcpp::message_memory_strategy::MessageMemoryStrategy<nav_msgs::msg::Odometry_<std::allocator<void> >, void> > >[m[K’ is not derived from ‘[01m[Kstd::auto_ptr<_Up>[m[K’
   27 |     [01;36m[K)[m[K;
      |     [01;36m[K^[m[K
In file included from [01m[K/usr/include/c++/11/memory:77[m[K,
                 from [01m[K/home/fourfold/dev/inmind sessions/inmind-session-9/session-9-assignment-firas/src/turtlebot_nav/src/lap_time_server.h:1[m[K,
                 from [01m[K/home/fourfold/dev/inmind sessions/inmind-session-9/session-9-assignment-firas/src/turtlebot_nav/src/lap_time_server.cpp:1[m[K:
[01m[K/usr/include/c++/11/bits/shared_ptr.h:391:9:[m[K [01;36m[Knote: [m[Kcandidate: ‘[01m[Ktemplate<class _Yp> std::shared_ptr<_Tp>::_Assignable<std::shared_ptr<_Yp> > std::shared_ptr<_Tp>::operator=(std::shared_ptr<_Yp>&&) [with _Yp = _Yp; _Tp = rclcpp::Subscription<nav_msgs::msg::Odometry_<std::allocator<void> > >][m[K’
  391 |         [01;36m[Koperator[m[K=(shared_ptr<_Yp>&& __r) noexcept
      |         [01;36m[K^~~~~~~~[m[K
[01m[K/usr/include/c++/11/bits/shared_ptr.h:391:9:[m[K [01;36m[Knote: [m[K  template argument deduction/substitution failed:
/usr/include/c++/11/bits/shared_ptr.h: In substitution of ‘[01m[Ktemplate<class _Tp> template<class _Arg> using _Assignable = typename std::enable_if<std::is_assignable<std::__shared_ptr<_Tp>&, _Arg>::value, std::shared_ptr<_Tp>&>::type [with _Arg = std::shared_ptr<rclcpp::Subscription<nav_msgs::msg::Odometry_<std::allocator<void> >, void, nav_msgs::msg::Odometry_<std::allocator<void> >, nav_msgs::msg::Odometry_<std::allocator<void> >, rclcpp::message_memory_strategy::MessageMemoryStrategy<nav_msgs::msg::Odometry_<std::allocator<void> >, void> > >; _Tp = rclcpp::Subscription<nav_msgs::msg::Odometry_<std::allocator<void> > >][m[K’:
[01m[K/usr/include/c++/11/bits/shared_ptr.h:391:2:[m[K   required by substitution of ‘[01m[Ktemplate<class _Yp> std::shared_ptr<rclcpp::Subscription<nav_msgs::msg::Odometry_<std::allocator<void> > > >::_Assignable<std::shared_ptr<_Tp> > std::shared_ptr<rclcpp::Subscription<nav_msgs::msg::Odometry_<std::allocator<void> > > >::operator=<_Yp>(std::shared_ptr<_Tp>&&) [with _Yp = rclcpp::Subscription<nav_msgs::msg::Odometry_<std::allocator<void> >, void, nav_msgs::msg::Odometry_<std::allocator<void> >, nav_msgs::msg::Odometry_<std::allocator<void> >, rclcpp::message_memory_strategy::MessageMemoryStrategy<nav_msgs::msg::Odometry_<std::allocator<void> >, void> >][m[K’
[01m[K/home/fourfold/dev/inmind sessions/inmind-session-9/session-9-assignment-firas/src/turtlebot_nav/src/lap_time_server.cpp:27:5:[m[K   required from here
[01m[K/usr/include/c++/11/bits/shared_ptr.h:130:15:[m[K [01;31m[Kerror: [m[Kno type named ‘[01m[Ktype[m[K’ in ‘[01m[Kstruct std::enable_if<false, std::shared_ptr<rclcpp::Subscription<nav_msgs::msg::Odometry_<std::allocator<void> > > >&>[m[K’
  130 |         using [01;31m[K_Assignable[m[K = typename enable_if<
      |               [01;31m[K^~~~~~~~~~~[m[K
[01m[K/usr/include/c++/11/bits/shared_ptr.h:399:9:[m[K [01;36m[Knote: [m[Kcandidate: ‘[01m[Ktemplate<class _Yp, class _Del> std::shared_ptr<_Tp>::_Assignable<std::unique_ptr<_Up, _Ep> > std::shared_ptr<_Tp>::operator=(std::unique_ptr<_Up, _Ep>&&) [with _Yp = _Yp; _Del = _Del; _Tp = rclcpp::Subscription<nav_msgs::msg::Odometry_<std::allocator<void> > >][m[K’
  399 |         [01;36m[Koperator[m[K=(unique_ptr<_Yp, _Del>&& __r)
      |         [01;36m[K^~~~~~~~[m[K
[01m[K/usr/include/c++/11/bits/shared_ptr.h:399:9:[m[K [01;36m[Knote: [m[K  template argument deduction/substitution failed:
[01m[K/home/fourfold/dev/inmind sessions/inmind-session-9/session-9-assignment-firas/src/turtlebot_nav/src/lap_time_server.cpp:27:5:[m[K [01;36m[Knote: [m[K  ‘[01m[Kstd::shared_ptr<rclcpp::Subscription<nav_msgs::msg::Odometry_<std::allocator<void> >, void, nav_msgs::msg::Odometry_<std::allocator<void> >, nav_msgs::msg::Odometry_<std::allocator<void> >, rclcpp::message_memory_strategy::MessageMemoryStrategy<nav_msgs::msg::Odometry_<std::allocator<void> >, void> > >[m[K’ is not derived from ‘[01m[Kstd::unique_ptr<_Tp, _Dp>[m[K’
   27 |     [01;36m[K)[m[K;
      |     [01;36m[K^[m[K
In file included from [01m[K/usr/include/c++/11/memory:77[m[K,
                 from [01m[K/home/fourfold/dev/inmind sessions/inmind-session-9/session-9-assignment-firas/src/turtlebot_nav/src/lap_time_server.h:1[m[K,
                 from [01m[K/home/fourfold/dev/inmind sessions/inmind-session-9/session-9-assignment-firas/src/turtlebot_nav/src/lap_time_server.cpp:1[m[K:
[01m[K/usr/include/c++/11/bits/shared_ptr.h:359:19:[m[K [01;36m[Knote: [m[Kcandidate: ‘[01m[Kstd::shared_ptr<_Tp>& std::shared_ptr<_Tp>::operator=(const std::shared_ptr<_Tp>&) [with _Tp = rclcpp::Subscription<nav_msgs::msg::Odometry_<std::allocator<void> > >][m[K’
  359 |       shared_ptr& [01;36m[Koperator[m[K=(const shared_ptr&) noexcept = default;
      |                   [01;36m[K^~~~~~~~[m[K
[01m[K/usr/include/c++/11/bits/shared_ptr.h:359:29:[m[K [01;36m[Knote: [m[K  no known conversion for argument 1 from ‘[01m[Kstd::shared_ptr<rclcpp::Subscription<nav_msgs::msg::Odometry_<std::allocator<void> >, void, nav_msgs::msg::Odometry_<std::allocator<void> >, nav_msgs::msg::Odometry_<std::allocator<void> >, rclcpp::message_memory_strategy::MessageMemoryStrategy<nav_msgs::msg::Odometry_<std::allocator<void> >, void> > >[m[K’ to ‘[01m[Kconst std::shared_ptr<rclcpp::Subscription<nav_msgs::msg::Odometry_<std::allocator<void> > > >&[m[K’
  359 |       shared_ptr& operator=([01;36m[Kconst shared_ptr&[m[K) noexcept = default;
      |                             [01;36m[K^~~~~~~~~~~~~~~~~[m[K
[01m[K/usr/include/c++/11/bits/shared_ptr.h:383:7:[m[K [01;36m[Knote: [m[Kcandidate: ‘[01m[Kstd::shared_ptr<_Tp>& std::shared_ptr<_Tp>::operator=(std::shared_ptr<_Tp>&&) [with _Tp = rclcpp::Subscription<nav_msgs::msg::Odometry_<std::allocator<void> > >][m[K’
  383 |       [01;36m[Koperator[m[K=(shared_ptr&& __r) noexcept
      |       [01;36m[K^~~~~~~~[m[K
[01m[K/usr/include/c++/11/bits/shared_ptr.h:383:30:[m[K [01;36m[Knote: [m[K  no known conversion for argument 1 from ‘[01m[Kstd::shared_ptr<rclcpp::Subscription<nav_msgs::msg::Odometry_<std::allocator<void> >, void, nav_msgs::msg::Odometry_<std::allocator<void> >, nav_msgs::msg::Odometry_<std::allocator<void> >, rclcpp::message_memory_strategy::MessageMemoryStrategy<nav_msgs::msg::Odometry_<std::allocator<void> >, void> > >[m[K’ to ‘[01m[Kstd::shared_ptr<rclcpp::Subscription<nav_msgs::msg::Odometry_<std::allocator<void> > > >&&[m[K’
  383 |       operator=([01;36m[Kshared_ptr&& __r[m[K) noexcept
      |                 [01;36m[K~~~~~~~~~~~~~^~~[m[K
In file included from [01m[K/opt/ros/humble/include/rclcpp/rclcpp/node_interfaces/node_topics_interface.hpp:32[m[K,
                 from [01m[K/opt/ros/humble/include/rclcpp/rclcpp/generic_publisher.hpp:27[m[K,
                 from [01m[K/opt/ros/humble/include/rclcpp/rclcpp/node.hpp:45[m[K,
                 from [01m[K/opt/ros/humble/include/rclcpp/rclcpp/executors/single_threaded_executor.hpp:28[m[K,
                 from [01m[K/opt/ros/humble/include/rclcpp/rclcpp/executors.hpp:22[m[K,
                 from [01m[K/opt/ros/humble/include/rclcpp/rclcpp/rclcpp.hpp:155[m[K,
                 from [01m[K/home/fourfold/dev/inmind sessions/inmind-session-9/session-9-assignment-firas/src/turtlebot_nav/src/lap_time_server.h:7[m[K,
                 from [01m[K/home/fourfold/dev/inmind sessions/inmind-session-9/session-9-assignment-firas/src/turtlebot_nav/src/lap_time_server.cpp:1[m[K:
/opt/ros/humble/include/rclcpp/rclcpp/subscription_factory.hpp: In instantiation of ‘[01m[Krclcpp::SubscriptionFactory rclcpp::create_subscription_factory(CallbackT&&, const rclcpp::SubscriptionOptionsWithAllocator<AllocatorT>&, typename MessageMemoryStrategyT::SharedPtr, std::shared_ptr<rclcpp::topic_statistics::SubscriptionTopicStatistics<ROSMessageType> >) [with MessageT = nav_msgs::msg::Odometry_<std::allocator<void> >; CallbackT = std::_Bind<void (LapTimeServer::*(LapTimeServer*, std::_Placeholder<1>))(const nav_msgs::msg::Odometry_<std::allocator<void> >&)>; AllocatorT = void; SubscriptionT = rclcpp::Subscription<nav_msgs::msg::Odometry_<std::allocator<void> >, void, nav_msgs::msg::Odometry_<std::allocator<void> >, nav_msgs::msg::Odometry_<std::allocator<void> >, rclcpp::message_memory_strategy::MessageMemoryStrategy<nav_msgs::msg::Odometry_<std::allocator<void> >, void> >; MessageMemoryStrategyT = rclcpp::message_memory_strategy::MessageMemoryStrategy<nav_msgs::msg::Odometry_<std::allocator<void> >, void>; ROSMessageType = nav_msgs::msg::Odometry_<std::allocator<void> >; typename MessageMemoryStrategyT::SharedPtr = std::shared_ptr<rclcpp::message_memory_strategy::MessageMemoryStrategy<nav_msgs::msg::Odometry_<std::allocator<void> >, void> >][m[K’:
[01m[K/opt/ros/humble/include/rclcpp/rclcpp/create_subscription.hpp:122:63:[m[K   required from ‘[01m[Kstd::shared_ptr<ROSMessageT> rclcpp::detail::create_subscription(NodeParametersT&, NodeTopicsT&, const string&, const rclcpp::QoS&, CallbackT&&, const rclcpp::SubscriptionOptionsWithAllocator<AllocatorT>&, typename MessageMemoryStrategyT::SharedPtr) [with MessageT = nav_msgs::msg::Odometry_<std::allocator<void> >; CallbackT = std::_Bind<void (LapTimeServer::*(LapTimeServer*, std::_Placeholder<1>))(const nav_msgs::msg::Odometry_<std::allocator<void> >&)>; AllocatorT = void; SubscriptionT = rclcpp::Subscription<nav_msgs::msg::Odometry_<std::allocator<void> >, void, nav_msgs::msg::Odometry_<std::allocator<void> >, nav_msgs::msg::Odometry_<std::allocator<void> >, rclcpp::message_memory_strategy::MessageMemoryStrategy<nav_msgs::msg::Odometry_<std::allocator<void> >, void> >; MessageMemoryStrategyT = rclcpp::message_memory_strategy::MessageMemoryStrategy<nav_msgs::msg::Odometry_<std::allocator<void> >, void>; NodeParametersT = rclcpp::Node; NodeTopicsT = rclcpp::Node; ROSMessageType = nav_msgs::msg::Odometry_<std::allocator<void> >; std::string = std::__cxx11::basic_string<char>; typename MessageMemoryStrategyT::SharedPtr = std::shared_ptr<rclcpp::message_memory_strategy::MessageMemoryStrategy<nav_msgs::msg::Odometry_<std::allocator<void> >, void> >][m[K’
[01m[K/opt/ros/humble/include/rclcpp/rclcpp/create_subscription.hpp:191:76:[m[K   required from ‘[01m[Kstd::shared_ptr<ROSMessageT> rclcpp::create_subscription(NodeT&, const string&, const rclcpp::QoS&, CallbackT&&, const rclcpp::SubscriptionOptionsWithAllocator<AllocatorT>&, typename MessageMemoryStrategyT::SharedPtr) [with MessageT = nav_msgs::msg::Odometry_<std::allocator<void> >; CallbackT = std::_Bind<void (LapTimeServer::*(LapTimeServer*, std::_Placeholder<1>))(const nav_msgs::msg::Odometry_<std::allocator<void> >&)>; AllocatorT = void; SubscriptionT = rclcpp::Subscription<nav_msgs::msg::Odometry_<std::allocator<void> >, void, nav_msgs::msg::Odometry_<std::allocator<void> >, nav_msgs::msg::Odometry_<std::allocator<void> >, rclcpp::message_memory_strategy::MessageMemoryStrategy<nav_msgs::msg::Odometry_<std::allocator<void> >, void> >; MessageMemoryStrategyT = rclcpp::message_memory_strategy::MessageMemoryStrategy<nav_msgs::msg::Odometry_<std::allocator<void> >, void>; NodeT = rclcpp::Node; std::string = std::__cxx11::basic_string<char>; typename MessageMemoryStrategyT::SharedPtr = std::shared_ptr<rclcpp::message_memory_strategy::MessageMemoryStrategy<nav_msgs::msg::Odometry_<std::allocator<void> >, void> >][m[K’
[01m[K/opt/ros/humble/include/rclcpp/rclcpp/node_impl.hpp:99:47:[m[K   required from ‘[01m[Kstd::shared_ptr<ROSMessageT> rclcpp::Node::create_subscription(const string&, const rclcpp::QoS&, CallbackT&&, const rclcpp::SubscriptionOptionsWithAllocator<AllocatorT>&, typename MessageMemoryStrategyT::SharedPtr) [with MessageT = nav_msgs::msg::Odometry_<std::allocator<void> >; CallbackT = std::_Bind<void (LapTimeServer::*(LapTimeServer*, std::_Placeholder<1>))(const nav_msgs::msg::Odometry_<std::allocator<void> >&)>; AllocatorT = void; SubscriptionT = rclcpp::Subscription<nav_msgs::msg::Odometry_<std::allocator<void> >, void, nav_msgs::msg::Odometry_<std::allocator<void> >, nav_msgs::msg::Odometry_<std::allocator<void> >, rclcpp::message_memory_strategy::MessageMemoryStrategy<nav_msgs::msg::Odometry_<std::allocator<void> >, void> >; MessageMemoryStrategyT = rclcpp::message_memory_strategy::MessageMemoryStrategy<nav_msgs::msg::Odometry_<std::allocator<void> >, void>; std::string = std::__cxx11::basic_string<char>; typename MessageMemoryStrategyT::SharedPtr = std::shared_ptr<rclcpp::message_memory_strategy::MessageMemoryStrategy<nav_msgs::msg::Odometry_<std::allocator<void> >, void> >][m[K’
[01m[K/home/fourfold/dev/inmind sessions/inmind-session-9/session-9-assignment-firas/src/turtlebot_nav/src/lap_time_server.cpp:23:9:[m[K   required from here
[01m[K/opt/ros/humble/include/rclcpp/rclcpp/subscription_factory.hpp:93:75:[m[K [01;31m[Kerror: [m[Kno match for ‘[01m[Koperator*[m[K’ (operand type is ‘[01m[Kstd::shared_ptr<void>[m[K’)
   93 |   AnySubscriptionCallback<MessageT, AllocatorT> any_subscription_callback([01;31m[K*allocator[m[K);
      |                                                                           [01;31m[K^~~~~~~~~~[m[K
In file included from [01m[K/usr/include/c++/11/bits/shared_ptr_base.h:60[m[K,
                 from [01m[K/usr/include/c++/11/bits/shared_ptr.h:53[m[K,
                 from [01m[K/usr/include/c++/11/memory:77[m[K,
                 from [01m[K/home/fourfold/dev/inmind sessions/inmind-session-9/session-9-assignment-firas/src/turtlebot_nav/src/lap_time_server.h:1[m[K,
                 from [01m[K/home/fourfold/dev/inmind sessions/inmind-session-9/session-9-assignment-firas/src/turtlebot_nav/src/lap_time_server.cpp:1[m[K:
/usr/include/c++/11/ext/aligned_buffer.h: In instantiation of ‘[01m[Kstruct __gnu_cxx::__aligned_buffer<void>[m[K’:
[01m[K/usr/include/c++/11/bits/shared_ptr_base.h:506:35:[m[K   required from ‘[01m[Kclass std::_Sp_counted_ptr_inplace<void, std::allocator<void>, __gnu_cxx::_S_atomic>::_Impl[m[K’
[01m[K/usr/include/c++/11/bits/shared_ptr_base.h:567:13:[m[K   required from ‘[01m[Kclass std::_Sp_counted_ptr_inplace<void, std::allocator<void>, __gnu_cxx::_S_atomic>[m[K’
[01m[K/usr/include/c++/11/bits/shared_ptr_base.h:647:43:[m[K   required from ‘[01m[Kstd::__shared_count<_Lp>::__shared_count(_Tp*&, std::_Sp_alloc_shared_tag<_Alloc>, _Args&& ...) [with _Tp = void; _Alloc = std::allocator<void>; _Args = {}; __gnu_cxx::_Lock_policy _Lp = __gnu_cxx::_S_atomic][m[K’
[01m[K/usr/include/c++/11/bits/shared_ptr_base.h:1342:14:[m[K   required from ‘[01m[Kstd::__shared_ptr<_Tp, _Lp>::__shared_ptr(std::_Sp_alloc_shared_tag<_Tp>, _Args&& ...) [with _Alloc = std::allocator<void>; _Args = {}; _Tp = void; __gnu_cxx::_Lock_policy _Lp = __gnu_cxx::_S_atomic][m[K’
[01m[K/usr/include/c++/11/bits/shared_ptr.h:409:59:[m[K   required from ‘[01m[Kstd::shared_ptr<_Tp>::shared_ptr(std::_Sp_alloc_shared_tag<_Tp>, _Args&& ...) [with _Alloc = std::allocator<void>; _Args = {}; _Tp = void][m[K’
[01m[K/usr/include/c++/11/bits/shared_ptr.h:862:14:[m[K   required from ‘[01m[Kstd::shared_ptr<_Tp> std::allocate_shared(const _Alloc&, _Args&& ...) [with _Tp = void; _Alloc = std::allocator<void>; _Args = {}][m[K’
[01m[K/usr/include/c++/11/bits/shared_ptr.h:878:39:[m[K   required from ‘[01m[Kstd::shared_ptr<_Tp> std::make_shared(_Args&& ...) [with _Tp = void; _Args = {}][m[K’
[01m[K/opt/ros/humble/include/rclcpp/rclcpp/message_memory_strategy.hpp:80:92:[m[K   required from ‘[01m[Kstatic rclcpp::message_memory_strategy::MessageMemoryStrategy<MessageT, Alloc>::SharedPtr rclcpp::message_memory_strategy::MessageMemoryStrategy<MessageT, Alloc>::create_default() [with MessageT = nav_msgs::msg::Odometry_<std::allocator<void> >; Alloc = void; rclcpp::message_memory_strategy::MessageMemoryStrategy<MessageT, Alloc>::SharedPtr = std::shared_ptr<rclcpp::message_memory_strategy::MessageMemoryStrategy<nav_msgs::msg::Odometry_<std::allocator<void> >, void> >][m[K’
[01m[K/opt/ros/humble/include/rclcpp/rclcpp/node.hpp:226:45:[m[K   required from here
[01m[K/usr/include/c++/11/ext/aligned_buffer.h:91:28:[m[K [01;31m[Kerror: [m[Kcould not convert template argument ‘[01m[Ksizeof (void)[m[K’ from ‘[01m[Klong unsigned int[m[K’ to ‘[01m[Klong unsigned int[m[K’
   91 |     : std::aligned_storage<[01;31m[Ksizeof(_Tp)[m[K, __alignof__(_Tp)>
      |                            [01;31m[K^~~~~~~~~~~[m[K
[01m[K/usr/include/c++/11/ext/aligned_buffer.h:91:28:[m[K [01;31m[Kerror: [m[Kcould not convert template argument ‘[01m[Ksizeof (void)[m[K’ from ‘[01m[Klong unsigned int[m[K’ to ‘[01m[Klong unsigned int[m[K’
In file included from [01m[K/opt/ros/humble/include/rclcpp/rclcpp/subscription.hpp:42[m[K,
                 from [01m[K/opt/ros/humble/include/rclcpp/rclcpp/any_executable.hpp:25[m[K,
                 from [01m[K/opt/ros/humble/include/rclcpp/rclcpp/memory_strategy.hpp:25[m[K,
                 from [01m[K/opt/ros/humble/include/rclcpp/rclcpp/memory_strategies.hpp:18[m[K,
                 from [01m[K/opt/ros/humble/include/rclcpp/rclcpp/executor_options.hpp:20[m[K,
                 from [01m[K/opt/ros/humble/include/rclcpp/rclcpp/executor.hpp:37[m[K,
                 from [01m[K/opt/ros/humble/include/rclcpp/rclcpp/executors/multi_threaded_executor.hpp:25[m[K,
                 from [01m[K/opt/ros/humble/include/rclcpp/rclcpp/executors.hpp:21[m[K,
                 from [01m[K/opt/ros/humble/include/rclcpp/rclcpp/rclcpp.hpp:155[m[K,
                 from [01m[K/home/fourfold/dev/inmind sessions/inmind-session-9/session-9-assignment-firas/src/turtlebot_nav/src/lap_time_server.h:7[m[K,
                 from [01m[K/home/fourfold/dev/inmind sessions/inmind-session-9/session-9-assignment-firas/src/turtlebot_nav/src/lap_time_server.cpp:1[m[K:
/opt/ros/humble/include/rclcpp/rclcpp/message_memory_strategy.hpp: In instantiation of ‘[01m[Krclcpp::message_memory_strategy::MessageMemoryStrategy<MessageT, Alloc>::MessageMemoryStrategy(std::shared_ptr<_Tp>) [with MessageT = nav_msgs::msg::Odometry_<std::allocator<void> >; Alloc = void][m[K’:
[01m[K/usr/include/c++/11/ext/new_allocator.h:162:4:[m[K   required from ‘[01m[Kvoid __gnu_cxx::new_allocator<_Tp>::construct(_Up*, _Args&& ...) [with _Up = rclcpp::message_memory_strategy::MessageMemoryStrategy<nav_msgs::msg::Odometry_<std::allocator<void> >, void>; _Args = {std::shared_ptr<void>}; _Tp = rclcpp::message_memory_strategy::MessageMemoryStrategy<nav_msgs::msg::Odometry_<std::allocator<void> >, void>][m[K’
[01m[K/usr/include/c++/11/bits/alloc_traits.h:516:17:[m[K   required from ‘[01m[Kstatic void std::allocator_traits<std::allocator<_Tp1> >::construct(std::allocator_traits<std::allocator<_Tp1> >::allocator_type&, _Up*, _Args&& ...) [with _Up = rclcpp::message_memory_strategy::MessageMemoryStrategy<nav_msgs::msg::Odometry_<std::allocator<void> >, void>; _Args = {std::shared_ptr<void>}; _Tp = rclcpp::message_memory_strategy::MessageMemoryStrategy<nav_msgs::msg::Odometry_<std::allocator<void> >, void>; std::allocator_traits<std::allocator<_Tp1> >::allocator_type = std::allocator<rclcpp::message_memory_strategy::MessageMemoryStrategy<nav_msgs::msg::Odometry_<std::allocator<void> >, void> >][m[K’
[01m[K/usr/include/c++/11/bits/shared_ptr_base.h:519:39:[m[K   required from ‘[01m[Kstd::_Sp_counted_ptr_inplace<_Tp, _Alloc, _Lp>::_Sp_counted_ptr_inplace(_Alloc, _Args&& ...) [with _Args = {std::shared_ptr<void>}; _Tp = rclcpp::message_memory_strategy::MessageMemoryStrategy<nav_msgs::msg::Odometry_<std::allocator<void> >, void>; _Alloc = std::allocator<rclcpp::message_memory_strategy::MessageMemoryStrategy<nav_msgs::msg::Odometry_<std::allocator<void> >, void> >; __gnu_cxx::_Lock_policy _Lp = __gnu_cxx::_S_atomic][m[K’
[01m[K/usr/include/c++/11/bits/shared_ptr_base.h:650:16:[m[K   required from ‘[01m[Kstd::__shared_count<_Lp>::__shared_count(_Tp*&, std::_Sp_alloc_shared_tag<_Alloc>, _Args&& ...) [with _Tp = rclcpp::message_memory_strategy::MessageMemoryStrategy<nav_msgs::msg::Odometry_<std::allocator<void> >, void>; _Alloc = std::allocator<rclcpp::message_memory_strategy::MessageMemoryStrategy<nav_msgs::msg::Odometry_<std::allocator<void> >, void> >; _Args = {std::shared_ptr<void>}; __gnu_cxx::_Lock_policy _Lp = __gnu_cxx::_S_atomic][m[K’
[01m[K/usr/include/c++/11/bits/shared_ptr_base.h:1342:14:[m[K   required from ‘[01m[Kstd::__shared_ptr<_Tp, _Lp>::__shared_ptr(std::_Sp_alloc_shared_tag<_Tp>, _Args&& ...) [with _Alloc = std::allocator<rclcpp::message_memory_strategy::MessageMemoryStrategy<nav_msgs::msg::Odometry_<std::allocator<void> >, void> >; _Args = {std::shared_ptr<void>}; _Tp = rclcpp::message_memory_strategy::MessageMemoryStrategy<nav_msgs::msg::Odometry_<std::allocator<void> >, void>; __gnu_cxx::_Lock_policy _Lp = __gnu_cxx::_S_atomic][m[K’
[01m[K/usr/include/c++/11/bits/shared_ptr.h:409:59:[m[K   required from ‘[01m[Kstd::shared_ptr<_Tp>::shared_ptr(std::_Sp_alloc_shared_tag<_Tp>, _Args&& ...) [with _Alloc = std::allocator<rclcpp::message_memory_strategy::MessageMemoryStrategy<nav_msgs::msg::Odometry_<std::allocator<void> >, void> >; _Args = {std::shared_ptr<void>}; _Tp = rclcpp::message_memory_strategy::MessageMemoryStrategy<nav_msgs::msg::Odometry_<std::allocator<void> >, void>][m[K’
[01m[K/usr/include/c++/11/bits/shared_ptr.h:862:14:[m[K   required from ‘[01m[Kstd::shared_ptr<_Tp> std::allocate_shared(const _Alloc&, _Args&& ...) [with _Tp = rclcpp::message_memory_strategy::MessageMemoryStrategy<nav_msgs::msg::Odometry_<std::allocator<void> >, void>; _Alloc = std::allocator<rclcpp::message_memory_strategy::MessageMemoryStrategy<nav_msgs::msg::Odometry_<std::allocator<void> >, void> >; _Args = {std::shared_ptr<void>}][m[K’
[01m[K/usr/include/c++/11/bits/shared_ptr.h:878:39:[m[K   required from ‘[01m[Kstd::shared_ptr<_Tp> std::make_shared(_Args&& ...) [with _Tp = rclcpp::message_memory_strategy::MessageMemoryStrategy<nav_msgs::msg::Odometry_<std::allocator<void> >, void>; _Args = {std::shared_ptr<void>}][m[K’
[01m[K/opt/ros/humble/include/rclcpp/rclcpp/message_memory_strategy.hpp:80:68:[m[K   required from ‘[01m[Kstatic rclcpp::message_memory_strategy::MessageMemoryStrategy<MessageT, Alloc>::SharedPtr rclcpp::message_memory_strategy::MessageMemoryStrategy<MessageT, Alloc>::create_default() [with MessageT = nav_msgs::msg::Odometry_<std::allocator<void> >; Alloc = void; rclcpp::message_memory_strategy::MessageMemoryStrategy<MessageT, Alloc>::SharedPtr = std::shared_ptr<rclcpp::message_memory_strategy::MessageMemoryStrategy<nav_msgs::msg::Odometry_<std::allocator<void> >, void> >][m[K’
[01m[K/opt/ros/humble/include/rclcpp/rclcpp/node.hpp:226:45:[m[K   required from here
[01m[K/opt/ros/humble/include/rclcpp/rclcpp/message_memory_strategy.hpp:69:5:[m[K [01;31m[Kerror: [m[Kusing invalid field ‘[01m[Krclcpp::message_memory_strategy::MessageMemoryStrategy<MessageT, Alloc>::message_allocator_[m[K’
   69 |     [01;31m[Kmessage_allocator_[m[K = std::make_shared<MessageAlloc>(*allocator.get());
      |     [01;31m[K^~~~~~~~~~~~~~~~~~[m[K
[01m[K/opt/ros/humble/include/rclcpp/rclcpp/message_memory_strategy.hpp:69:57:[m[K [01;31m[Kerror: [m[K‘[01m[Kstd::__shared_ptr<void, __gnu_cxx::_S_atomic>::element_type*[m[K’ {aka ‘[01m[Kvoid*[m[K’} is not a pointer-to-object type
   69 |     message_allocator_ = std::make_shared<MessageAlloc>([01;31m[K*allocator.get()[m[K);
      |                                                         [01;31m[K^~~~~~~~~~~~~~~~[m[K
[01m[K/opt/ros/humble/include/rclcpp/rclcpp/message_memory_strategy.hpp:70:5:[m[K [01;31m[Kerror: [m[Kusing invalid field ‘[01m[Krclcpp::message_memory_strategy::MessageMemoryStrategy<MessageT, Alloc>::serialized_message_allocator_[m[K’
   70 |     [01;31m[Kserialized_message_allocator_[m[K = std::make_shared<SerializedMessageAlloc>(*allocator.get());
      |     [01;31m[K^~~~~~~~~~~~~~~~~~~~~~~~~~~~~[m[K
[01m[K/opt/ros/humble/include/rclcpp/rclcpp/message_memory_strategy.hpp:70:78:[m[K [01;31m[Kerror: [m[K‘[01m[Kstd::__shared_ptr<void, __gnu_cxx::_S_atomic>::element_type*[m[K’ {aka ‘[01m[Kvoid*[m[K’} is not a pointer-to-object type
   70 |     serialized_message_allocator_ = std::make_shared<SerializedMessageAlloc>([01;31m[K*allocator.get()[m[K);
      |                                                                              [01;31m[K^~~~~~~~~~~~~~~~[m[K
[01m[K/opt/ros/humble/include/rclcpp/rclcpp/message_memory_strategy.hpp:71:5:[m[K [01;31m[Kerror: [m[Kusing invalid field ‘[01m[Krclcpp::message_memory_strategy::MessageMemoryStrategy<MessageT, Alloc>::buffer_allocator_[m[K’
   71 |     [01;31m[Kbuffer_allocator_[m[K = std::make_shared<BufferAlloc>(*allocator.get());
      |     [01;31m[K^~~~~~~~~~~~~~~~~[m[K
[01m[K/opt/ros/humble/include/rclcpp/rclcpp/message_memory_strategy.hpp:71:55:[m[K [01;31m[Kerror: [m[K‘[01m[Kstd::__shared_ptr<void, __gnu_cxx::_S_atomic>::element_type*[m[K’ {aka ‘[01m[Kvoid*[m[K’} is not a pointer-to-object type
   71 |     buffer_allocator_ = std::make_shared<BufferAlloc>([01;31m[K*allocator.get()[m[K);
      |                                                       [01;31m[K^~~~~~~~~~~~~~~~[m[K
[01m[K/opt/ros/humble/include/rclcpp/rclcpp/message_memory_strategy.hpp:72:75:[m[K [01;31m[Kerror: [m[Kusing invalid field ‘[01m[Krclcpp::message_memory_strategy::MessageMemoryStrategy<MessageT, Alloc>::buffer_allocator_[m[K’
   72 |     rcutils_allocator_ = allocator::get_rcl_allocator<char, BufferAlloc>(*[01;31m[Kbuffer_allocator_[m[K.get());
      |                                                                           [01;31m[K^~~~~~~~~~~~~~~~~[m[K
/opt/ros/humble/include/rclcpp/rclcpp/message_memory_strategy.hpp: In instantiation of ‘[01m[Kstd::shared_ptr<_Tp> rclcpp::message_memory_strategy::MessageMemoryStrategy<MessageT, Alloc>::borrow_message() [with MessageT = nav_msgs::msg::Odometry_<std::allocator<void> >; Alloc = void][m[K’:
[01m[K/opt/ros/humble/include/rclcpp/rclcpp/message_memory_strategy.hpp:85:37:[m[K   required from here
[01m[K/opt/ros/humble/include/rclcpp/rclcpp/message_memory_strategy.hpp:87:58:[m[K [01;31m[Kerror: [m[Kusing invalid field ‘[01m[Krclcpp::message_memory_strategy::MessageMemoryStrategy<MessageT, Alloc>::message_allocator_[m[K’
   87 |     return std::allocate_shared<MessageT, MessageAlloc>(*[01;31m[Kmessage_allocator_[m[K.get());
      |                                                          [01;31m[K^~~~~~~~~~~~~~~~~~[m[K
In file included from [01m[K/usr/include/c++/11/future:47[m[K,
                 from [01m[K/opt/ros/humble/include/rclcpp/rclcpp/executors.hpp:18[m[K,
                 from [01m[K/opt/ros/humble/include/rclcpp/rclcpp/rclcpp.hpp:155[m[K,
                 from [01m[K/home/fourfold/dev/inmind sessions/inmind-session-9/session-9-assignment-firas/src/turtlebot_nav/src/lap_time_server.h:7[m[K,
                 from [01m[K/home/fourfold/dev/inmind sessions/inmind-session-9/session-9-assignment-firas/src/turtlebot_nav/src/lap_time_server.cpp:1[m[K:
[01m[K/usr/include/c++/11/bits/std_function.h:[m[K At global scope:
[01m[K/usr/include/c++/11/bits/std_function.h:435:9:[m[K [01;31m[Kerror: [m[K‘[01m[Kstd::function<_Res(_ArgTypes ...)>::function(_Functor&&) [with _Functor = rclcpp::create_subscription_factory<nav_msgs::msg::Odometry_<std::allocator<void> >, std::_Bind<void (LapTimeServer::*(LapTimeServer*, std::_Placeholder<1>))(const nav_msgs::msg::Odometry_<std::allocator<void> >&)>, void>(std::_Bind<void (LapTimeServer::*(LapTimeServer*, std::_Placeholder<1>))(const nav_msgs::msg::Odometry_<std::allocator<void> >&)>&&, const rclcpp::SubscriptionOptionsWithAllocator<void>&, rclcpp::message_memory_strategy::MessageMemoryStrategy<nav_msgs::msg::Odometry_<std::allocator<void> >, void>::SharedPtr, std::shared_ptr<rclcpp::topic_statistics::SubscriptionTopicStatistics<nav_msgs::msg::Odometry_<std::allocator<void> > > >)::<lambda(rclcpp::node_interfaces::NodeBaseInterface*, const string&, const rclcpp::QoS&)>; _Constraints = void; _Res = std::shared_ptr<rclcpp::SubscriptionBase>; _ArgTypes = {rclcpp::node_interfaces::NodeBaseInterface*, const std::__cxx11::basic_string<char, std::char_traits<char>, std::allocator<char> >&, const rclcpp::QoS&}][m[K’, declared using local type ‘[01m[Krclcpp::create_subscription_factory<nav_msgs::msg::Odometry_<std::allocator<void> >, std::_Bind<void (LapTimeServer::*(LapTimeServer*, std::_Placeholder<1>))(const nav_msgs::msg::Odometry_<std::allocator<void> >&)>, void>(std::_Bind<void (LapTimeServer::*(LapTimeServer*, std::_Placeholder<1>))(const nav_msgs::msg::Odometry_<std::allocator<void> >&)>&&, const rclcpp::SubscriptionOptionsWithAllocator<void>&, rclcpp::message_memory_strategy::MessageMemoryStrategy<nav_msgs::msg::Odometry_<std::allocator<void> >, void>::SharedPtr, std::shared_ptr<rclcpp::topic_statistics::SubscriptionTopicStatistics<nav_msgs::msg::Odometry_<std::allocator<void> > > >)::<lambda(rclcpp::node_interfaces::NodeBaseInterface*, const string&, const rclcpp::QoS&)>[m[K’, is used but never defined [[01;31m[K]8;;https://gcc.gnu.org/onlinedocs/gcc/Warning-Options.html#index-fpermissive-fpermissive]8;;[m[K]
  435 |         [01;31m[Kfunction[m[K(_Functor&& __f)
      |         [01;31m[K^~~~~~~~[m[K
gmake[2]: *** [CMakeFiles/measure_lap_time_server.dir/build.make:76: CMakeFiles/measure_lap_time_server.dir/src/lap_time_server.cpp.o] Error 1
gmake[1]: *** [CMakeFiles/Makefile2:195: CMakeFiles/measure_lap_time_server.dir/all] Error 2
gmake: *** [Makefile:146: all] Error 2
